[2026-07-16T08:42:11.012+0000] {manager.py:470} INFO - Processing files using up to 2 processes at a time 
[2026-07-16T08:42:11.288+0000] {manager.py:471} INFO - Process each file at most once every 30 seconds
[2026-07-16T08:42:11.291+0000] {manager.py:472} INFO - Checking for new files in /opt/airflow/dags every 300 seconds
[2026-07-16T08:42:11.294+0000] {manager.py:737} INFO - Searching for files in /opt/airflow/dags
[2026-07-16T08:42:11.363+0000] {manager.py:740} INFO - There are 0 files in /opt/airflow/dags
[2026-07-16T08:47:11.627+0000] {manager.py:737} INFO - Searching for files in /opt/airflow/dags
[2026-07-16T08:47:11.757+0000] {manager.py:740} INFO - There are 0 files in /opt/airflow/dags
[2026-07-16T08:52:12.432+0000] {manager.py:737} INFO - Searching for files in /opt/airflow/dags
[2026-07-16T08:52:12.550+0000] {manager.py:740} INFO - There are 0 files in /opt/airflow/dags
[2026-07-16T08:57:12.720+0000] {manager.py:737} INFO - Searching for files in /opt/airflow/dags
[2026-07-16T08:57:12.810+0000] {manager.py:740} INFO - There are 0 files in /opt/airflow/dags
[2026-07-16T09:02:12.796+0000] {manager.py:737} INFO - Searching for files in /opt/airflow/dags
[2026-07-16T09:02:12.939+0000] {manager.py:740} INFO - There are 0 files in /opt/airflow/dags
[2026-07-16T09:07:13.012+0000] {manager.py:737} INFO - Searching for files in /opt/airflow/dags
[2026-07-16T09:07:13.077+0000] {manager.py:740} INFO - There are 0 files in /opt/airflow/dags
[2026-07-16T09:12:47.541+0000] {manager.py:470} INFO - Processing files using up to 2 processes at a time 
[2026-07-16T09:12:47.561+0000] {manager.py:471} INFO - Process each file at most once every 30 seconds
[2026-07-16T09:12:47.571+0000] {manager.py:472} INFO - Checking for new files in /opt/airflow/dags every 300 seconds
[2026-07-16T09:12:47.574+0000] {manager.py:737} INFO - Searching for files in /opt/airflow/dags
[2026-07-16T09:12:47.995+0000] {manager.py:740} INFO - There are 0 files in /opt/airflow/dags
[2026-07-16T09:17:47.596+0000] {manager.py:737} INFO - Searching for files in /opt/airflow/dags
[2026-07-16T09:17:48.461+0000] {manager.py:740} INFO - There are 0 files in /opt/airflow/dags
[2026-07-16T09:22:48.075+0000] {manager.py:737} INFO - Searching for files in /opt/airflow/dags
[2026-07-16T09:22:48.245+0000] {manager.py:740} INFO - There are 0 files in /opt/airflow/dags
[2026-07-16T09:27:48.327+0000] {manager.py:737} INFO - Searching for files in /opt/airflow/dags
[2026-07-16T09:27:48.401+0000] {manager.py:740} INFO - There are 0 files in /opt/airflow/dags
