[2026-07-20T09:12:41.818+0000] {processor.py:161} INFO - Started process (PID=324) to work on /opt/airflow/dags/coinflow_daily_pipeline.py
[2026-07-20T09:12:41.824+0000] {processor.py:830} INFO - Processing file /opt/airflow/dags/coinflow_daily_pipeline.py for tasks to queue
[2026-07-20T09:12:41.835+0000] {logging_mixin.py:188} INFO - [2026-07-20T09:12:41.834+0000] {dagbag.py:545} INFO - Filling up the DagBag from /opt/airflow/dags/coinflow_daily_pipeline.py
[2026-07-20T09:12:41.991+0000] {processor.py:840} INFO - DAG(s) 'coinflow_daily_pipeline' retrieved from /opt/airflow/dags/coinflow_daily_pipeline.py
[2026-07-20T09:12:43.339+0000] {logging_mixin.py:188} INFO - [2026-07-20T09:12:43.338+0000] {dag.py:3089} INFO - Sync 1 DAGs
[2026-07-20T09:12:43.626+0000] {logging_mixin.py:188} INFO - [2026-07-20T09:12:43.622+0000] {dag.py:3947} INFO - Setting next_dagrun for coinflow_daily_pipeline to 2026-07-20 06:00:00+00:00, run_after=2026-07-21 06:00:00+00:00
[2026-07-20T09:12:43.808+0000] {processor.py:183} INFO - Processing /opt/airflow/dags/coinflow_daily_pipeline.py took 2.016 seconds
[2026-07-20T09:13:14.454+0000] {processor.py:161} INFO - Started process (PID=339) to work on /opt/airflow/dags/coinflow_daily_pipeline.py
[2026-07-20T09:13:14.462+0000] {processor.py:830} INFO - Processing file /opt/airflow/dags/coinflow_daily_pipeline.py for tasks to queue
[2026-07-20T09:13:14.474+0000] {logging_mixin.py:188} INFO - [2026-07-20T09:13:14.473+0000] {dagbag.py:545} INFO - Filling up the DagBag from /opt/airflow/dags/coinflow_daily_pipeline.py
[2026-07-20T09:13:14.781+0000] {processor.py:840} INFO - DAG(s) 'coinflow_daily_pipeline' retrieved from /opt/airflow/dags/coinflow_daily_pipeline.py
[2026-07-20T09:13:14.967+0000] {logging_mixin.py:188} INFO - [2026-07-20T09:13:14.967+0000] {dag.py:3089} INFO - Sync 1 DAGs
[2026-07-20T09:13:15.028+0000] {logging_mixin.py:188} INFO - [2026-07-20T09:13:15.027+0000] {dag.py:3947} INFO - Setting next_dagrun for coinflow_daily_pipeline to 2026-07-20 06:00:00+00:00, run_after=2026-07-21 06:00:00+00:00
[2026-07-20T09:13:15.129+0000] {processor.py:183} INFO - Processing /opt/airflow/dags/coinflow_daily_pipeline.py took 0.700 seconds
[2026-07-20T09:13:45.943+0000] {processor.py:161} INFO - Started process (PID=350) to work on /opt/airflow/dags/coinflow_daily_pipeline.py
[2026-07-20T09:13:45.950+0000] {processor.py:830} INFO - Processing file /opt/airflow/dags/coinflow_daily_pipeline.py for tasks to queue
[2026-07-20T09:13:45.958+0000] {logging_mixin.py:188} INFO - [2026-07-20T09:13:45.956+0000] {dagbag.py:545} INFO - Filling up the DagBag from /opt/airflow/dags/coinflow_daily_pipeline.py
[2026-07-20T09:13:46.106+0000] {processor.py:840} INFO - DAG(s) 'coinflow_daily_pipeline' retrieved from /opt/airflow/dags/coinflow_daily_pipeline.py
[2026-07-20T09:13:46.290+0000] {logging_mixin.py:188} INFO - [2026-07-20T09:13:46.289+0000] {dag.py:3089} INFO - Sync 1 DAGs
[2026-07-20T09:13:46.408+0000] {logging_mixin.py:188} INFO - [2026-07-20T09:13:46.408+0000] {dag.py:3947} INFO - Setting next_dagrun for coinflow_daily_pipeline to 2026-07-20 06:00:00+00:00, run_after=2026-07-21 06:00:00+00:00
[2026-07-20T09:13:46.584+0000] {processor.py:183} INFO - Processing /opt/airflow/dags/coinflow_daily_pipeline.py took 0.706 seconds
[2026-07-20T09:19:22.179+0000] {processor.py:161} INFO - Started process (PID=283) to work on /opt/airflow/dags/coinflow_daily_pipeline.py
[2026-07-20T09:19:22.265+0000] {processor.py:830} INFO - Processing file /opt/airflow/dags/coinflow_daily_pipeline.py for tasks to queue
[2026-07-20T09:19:22.269+0000] {logging_mixin.py:188} INFO - [2026-07-20T09:19:22.268+0000] {dagbag.py:545} INFO - Filling up the DagBag from /opt/airflow/dags/coinflow_daily_pipeline.py
[2026-07-20T09:19:22.437+0000] {processor.py:840} INFO - DAG(s) 'coinflow_daily_pipeline' retrieved from /opt/airflow/dags/coinflow_daily_pipeline.py
[2026-07-20T09:19:23.611+0000] {logging_mixin.py:188} INFO - [2026-07-20T09:19:23.611+0000] {dag.py:3089} INFO - Sync 1 DAGs
[2026-07-20T09:19:23.768+0000] {logging_mixin.py:188} INFO - [2026-07-20T09:19:23.767+0000] {dag.py:3947} INFO - Setting next_dagrun for coinflow_daily_pipeline to 2026-07-20 06:00:00+00:00, run_after=2026-07-21 06:00:00+00:00
[2026-07-20T09:19:24.152+0000] {processor.py:183} INFO - Processing /opt/airflow/dags/coinflow_daily_pipeline.py took 2.103 seconds
[2026-07-20T09:19:55.160+0000] {processor.py:161} INFO - Started process (PID=296) to work on /opt/airflow/dags/coinflow_daily_pipeline.py
[2026-07-20T09:19:55.162+0000] {processor.py:830} INFO - Processing file /opt/airflow/dags/coinflow_daily_pipeline.py for tasks to queue
[2026-07-20T09:19:55.168+0000] {logging_mixin.py:188} INFO - [2026-07-20T09:19:55.168+0000] {dagbag.py:545} INFO - Filling up the DagBag from /opt/airflow/dags/coinflow_daily_pipeline.py
[2026-07-20T09:19:55.277+0000] {processor.py:840} INFO - DAG(s) 'coinflow_daily_pipeline' retrieved from /opt/airflow/dags/coinflow_daily_pipeline.py
[2026-07-20T09:19:55.367+0000] {logging_mixin.py:188} INFO - [2026-07-20T09:19:55.367+0000] {dag.py:3089} INFO - Sync 1 DAGs
[2026-07-20T09:19:55.673+0000] {logging_mixin.py:188} INFO - [2026-07-20T09:19:55.672+0000] {dag.py:3947} INFO - Setting next_dagrun for coinflow_daily_pipeline to 2026-07-20 06:00:00+00:00, run_after=2026-07-21 06:00:00+00:00
[2026-07-20T09:19:55.970+0000] {processor.py:183} INFO - Processing /opt/airflow/dags/coinflow_daily_pipeline.py took 0.836 seconds
[2026-07-20T09:20:26.692+0000] {processor.py:161} INFO - Started process (PID=308) to work on /opt/airflow/dags/coinflow_daily_pipeline.py
[2026-07-20T09:20:26.695+0000] {processor.py:830} INFO - Processing file /opt/airflow/dags/coinflow_daily_pipeline.py for tasks to queue
[2026-07-20T09:20:26.699+0000] {logging_mixin.py:188} INFO - [2026-07-20T09:20:26.698+0000] {dagbag.py:545} INFO - Filling up the DagBag from /opt/airflow/dags/coinflow_daily_pipeline.py
[2026-07-20T09:20:26.778+0000] {processor.py:840} INFO - DAG(s) 'coinflow_daily_pipeline' retrieved from /opt/airflow/dags/coinflow_daily_pipeline.py
[2026-07-20T09:20:26.925+0000] {logging_mixin.py:188} INFO - [2026-07-20T09:20:26.924+0000] {dag.py:3089} INFO - Sync 1 DAGs
[2026-07-20T09:20:27.174+0000] {logging_mixin.py:188} INFO - [2026-07-20T09:20:27.174+0000] {dag.py:3947} INFO - Setting next_dagrun for coinflow_daily_pipeline to 2026-07-20 06:00:00+00:00, run_after=2026-07-21 06:00:00+00:00
[2026-07-20T09:20:27.749+0000] {processor.py:183} INFO - Processing /opt/airflow/dags/coinflow_daily_pipeline.py took 1.071 seconds
[2026-07-20T09:28:26.451+0000] {processor.py:161} INFO - Started process (PID=273) to work on /opt/airflow/dags/coinflow_daily_pipeline.py
[2026-07-20T09:28:26.455+0000] {processor.py:830} INFO - Processing file /opt/airflow/dags/coinflow_daily_pipeline.py for tasks to queue
[2026-07-20T09:28:26.470+0000] {logging_mixin.py:188} INFO - [2026-07-20T09:28:26.469+0000] {dagbag.py:545} INFO - Filling up the DagBag from /opt/airflow/dags/coinflow_daily_pipeline.py
[2026-07-20T09:28:26.524+0000] {processor.py:840} INFO - DAG(s) 'coinflow_daily_pipeline' retrieved from /opt/airflow/dags/coinflow_daily_pipeline.py
[2026-07-20T09:28:27.654+0000] {logging_mixin.py:188} INFO - [2026-07-20T09:28:27.653+0000] {dag.py:3089} INFO - Sync 1 DAGs
[2026-07-20T09:28:27.718+0000] {logging_mixin.py:188} INFO - [2026-07-20T09:28:27.718+0000] {dag.py:3947} INFO - Setting next_dagrun for coinflow_daily_pipeline to 2026-07-20 06:00:00+00:00, run_after=2026-07-21 06:00:00+00:00
[2026-07-20T09:28:28.026+0000] {processor.py:183} INFO - Processing /opt/airflow/dags/coinflow_daily_pipeline.py took 1.613 seconds
[2026-07-20T09:28:58.623+0000] {processor.py:161} INFO - Started process (PID=287) to work on /opt/airflow/dags/coinflow_daily_pipeline.py
[2026-07-20T09:28:58.625+0000] {processor.py:830} INFO - Processing file /opt/airflow/dags/coinflow_daily_pipeline.py for tasks to queue
[2026-07-20T09:28:58.632+0000] {logging_mixin.py:188} INFO - [2026-07-20T09:28:58.629+0000] {dagbag.py:545} INFO - Filling up the DagBag from /opt/airflow/dags/coinflow_daily_pipeline.py
[2026-07-20T09:28:58.690+0000] {processor.py:840} INFO - DAG(s) 'coinflow_daily_pipeline' retrieved from /opt/airflow/dags/coinflow_daily_pipeline.py
[2026-07-20T09:28:58.819+0000] {logging_mixin.py:188} INFO - [2026-07-20T09:28:58.818+0000] {dag.py:3089} INFO - Sync 1 DAGs
[2026-07-20T09:28:58.902+0000] {logging_mixin.py:188} INFO - [2026-07-20T09:28:58.901+0000] {dag.py:3947} INFO - Setting next_dagrun for coinflow_daily_pipeline to 2026-07-20 06:00:00+00:00, run_after=2026-07-21 06:00:00+00:00
[2026-07-20T09:28:59.194+0000] {processor.py:183} INFO - Processing /opt/airflow/dags/coinflow_daily_pipeline.py took 0.592 seconds
[2026-07-20T09:29:29.602+0000] {processor.py:161} INFO - Started process (PID=298) to work on /opt/airflow/dags/coinflow_daily_pipeline.py
[2026-07-20T09:29:29.604+0000] {processor.py:830} INFO - Processing file /opt/airflow/dags/coinflow_daily_pipeline.py for tasks to queue
[2026-07-20T09:29:29.608+0000] {logging_mixin.py:188} INFO - [2026-07-20T09:29:29.608+0000] {dagbag.py:545} INFO - Filling up the DagBag from /opt/airflow/dags/coinflow_daily_pipeline.py
[2026-07-20T09:29:29.651+0000] {processor.py:840} INFO - DAG(s) 'coinflow_daily_pipeline' retrieved from /opt/airflow/dags/coinflow_daily_pipeline.py
[2026-07-20T09:29:29.965+0000] {logging_mixin.py:188} INFO - [2026-07-20T09:29:29.965+0000] {dag.py:3089} INFO - Sync 1 DAGs
[2026-07-20T09:29:30.099+0000] {logging_mixin.py:188} INFO - [2026-07-20T09:29:30.098+0000] {dag.py:3947} INFO - Setting next_dagrun for coinflow_daily_pipeline to 2026-07-20 06:00:00+00:00, run_after=2026-07-21 06:00:00+00:00
[2026-07-20T09:29:30.622+0000] {processor.py:183} INFO - Processing /opt/airflow/dags/coinflow_daily_pipeline.py took 1.034 seconds
[2026-07-20T09:30:01.005+0000] {processor.py:161} INFO - Started process (PID=309) to work on /opt/airflow/dags/coinflow_daily_pipeline.py
[2026-07-20T09:30:01.007+0000] {processor.py:830} INFO - Processing file /opt/airflow/dags/coinflow_daily_pipeline.py for tasks to queue
[2026-07-20T09:30:01.013+0000] {logging_mixin.py:188} INFO - [2026-07-20T09:30:01.013+0000] {dagbag.py:545} INFO - Filling up the DagBag from /opt/airflow/dags/coinflow_daily_pipeline.py
[2026-07-20T09:30:01.062+0000] {processor.py:840} INFO - DAG(s) 'coinflow_daily_pipeline' retrieved from /opt/airflow/dags/coinflow_daily_pipeline.py
[2026-07-20T09:30:01.129+0000] {logging_mixin.py:188} INFO - [2026-07-20T09:30:01.129+0000] {dag.py:3089} INFO - Sync 1 DAGs
[2026-07-20T09:30:01.174+0000] {logging_mixin.py:188} INFO - [2026-07-20T09:30:01.174+0000] {dag.py:3947} INFO - Setting next_dagrun for coinflow_daily_pipeline to 2026-07-20 06:00:00+00:00, run_after=2026-07-21 06:00:00+00:00
[2026-07-20T09:30:01.316+0000] {processor.py:183} INFO - Processing /opt/airflow/dags/coinflow_daily_pipeline.py took 0.322 seconds
[2026-07-20T09:30:31.649+0000] {processor.py:161} INFO - Started process (PID=319) to work on /opt/airflow/dags/coinflow_daily_pipeline.py
[2026-07-20T09:30:31.652+0000] {processor.py:830} INFO - Processing file /opt/airflow/dags/coinflow_daily_pipeline.py for tasks to queue
[2026-07-20T09:30:31.657+0000] {logging_mixin.py:188} INFO - [2026-07-20T09:30:31.656+0000] {dagbag.py:545} INFO - Filling up the DagBag from /opt/airflow/dags/coinflow_daily_pipeline.py
[2026-07-20T09:30:31.737+0000] {processor.py:840} INFO - DAG(s) 'coinflow_daily_pipeline' retrieved from /opt/airflow/dags/coinflow_daily_pipeline.py
[2026-07-20T09:30:31.851+0000] {logging_mixin.py:188} INFO - [2026-07-20T09:30:31.851+0000] {dag.py:3089} INFO - Sync 1 DAGs
[2026-07-20T09:30:31.909+0000] {logging_mixin.py:188} INFO - [2026-07-20T09:30:31.909+0000] {dag.py:3947} INFO - Setting next_dagrun for coinflow_daily_pipeline to 2026-07-20 06:00:00+00:00, run_after=2026-07-21 06:00:00+00:00
[2026-07-20T09:30:32.439+0000] {processor.py:183} INFO - Processing /opt/airflow/dags/coinflow_daily_pipeline.py took 0.807 seconds
[2026-07-20T09:31:02.683+0000] {processor.py:161} INFO - Started process (PID=330) to work on /opt/airflow/dags/coinflow_daily_pipeline.py
[2026-07-20T09:31:02.685+0000] {processor.py:830} INFO - Processing file /opt/airflow/dags/coinflow_daily_pipeline.py for tasks to queue
[2026-07-20T09:31:02.689+0000] {logging_mixin.py:188} INFO - [2026-07-20T09:31:02.689+0000] {dagbag.py:545} INFO - Filling up the DagBag from /opt/airflow/dags/coinflow_daily_pipeline.py
[2026-07-20T09:31:02.741+0000] {processor.py:840} INFO - DAG(s) 'coinflow_daily_pipeline' retrieved from /opt/airflow/dags/coinflow_daily_pipeline.py
[2026-07-20T09:31:02.806+0000] {logging_mixin.py:188} INFO - [2026-07-20T09:31:02.806+0000] {dag.py:3089} INFO - Sync 1 DAGs
[2026-07-20T09:31:02.851+0000] {logging_mixin.py:188} INFO - [2026-07-20T09:31:02.850+0000] {dag.py:3947} INFO - Setting next_dagrun for coinflow_daily_pipeline to 2026-07-20 06:00:00+00:00, run_after=2026-07-21 06:00:00+00:00
[2026-07-20T09:31:02.916+0000] {processor.py:183} INFO - Processing /opt/airflow/dags/coinflow_daily_pipeline.py took 0.255 seconds
[2026-07-20T09:31:33.351+0000] {processor.py:161} INFO - Started process (PID=341) to work on /opt/airflow/dags/coinflow_daily_pipeline.py
[2026-07-20T09:31:33.353+0000] {processor.py:830} INFO - Processing file /opt/airflow/dags/coinflow_daily_pipeline.py for tasks to queue
[2026-07-20T09:31:33.358+0000] {logging_mixin.py:188} INFO - [2026-07-20T09:31:33.357+0000] {dagbag.py:545} INFO - Filling up the DagBag from /opt/airflow/dags/coinflow_daily_pipeline.py
[2026-07-20T09:31:33.415+0000] {processor.py:840} INFO - DAG(s) 'coinflow_daily_pipeline' retrieved from /opt/airflow/dags/coinflow_daily_pipeline.py
[2026-07-20T09:31:33.516+0000] {logging_mixin.py:188} INFO - [2026-07-20T09:31:33.515+0000] {dag.py:3089} INFO - Sync 1 DAGs
[2026-07-20T09:31:33.580+0000] {logging_mixin.py:188} INFO - [2026-07-20T09:31:33.579+0000] {dag.py:3947} INFO - Setting next_dagrun for coinflow_daily_pipeline to 2026-07-20 06:00:00+00:00, run_after=2026-07-21 06:00:00+00:00
[2026-07-20T09:31:33.654+0000] {processor.py:183} INFO - Processing /opt/airflow/dags/coinflow_daily_pipeline.py took 0.314 seconds
[2026-07-20T09:32:03.747+0000] {processor.py:161} INFO - Started process (PID=352) to work on /opt/airflow/dags/coinflow_daily_pipeline.py
[2026-07-20T09:32:03.770+0000] {processor.py:830} INFO - Processing file /opt/airflow/dags/coinflow_daily_pipeline.py for tasks to queue
[2026-07-20T09:32:03.773+0000] {logging_mixin.py:188} INFO - [2026-07-20T09:32:03.772+0000] {dagbag.py:545} INFO - Filling up the DagBag from /opt/airflow/dags/coinflow_daily_pipeline.py
[2026-07-20T09:32:03.840+0000] {processor.py:840} INFO - DAG(s) 'coinflow_daily_pipeline' retrieved from /opt/airflow/dags/coinflow_daily_pipeline.py
[2026-07-20T09:32:03.973+0000] {logging_mixin.py:188} INFO - [2026-07-20T09:32:03.973+0000] {dag.py:3089} INFO - Sync 1 DAGs
[2026-07-20T09:32:04.030+0000] {logging_mixin.py:188} INFO - [2026-07-20T09:32:04.029+0000] {dag.py:3947} INFO - Setting next_dagrun for coinflow_daily_pipeline to 2026-07-20 06:00:00+00:00, run_after=2026-07-21 06:00:00+00:00
[2026-07-20T09:32:04.261+0000] {processor.py:183} INFO - Processing /opt/airflow/dags/coinflow_daily_pipeline.py took 0.525 seconds
[2026-07-20T09:32:34.514+0000] {processor.py:161} INFO - Started process (PID=363) to work on /opt/airflow/dags/coinflow_daily_pipeline.py
[2026-07-20T09:32:34.519+0000] {processor.py:830} INFO - Processing file /opt/airflow/dags/coinflow_daily_pipeline.py for tasks to queue
[2026-07-20T09:32:34.527+0000] {logging_mixin.py:188} INFO - [2026-07-20T09:32:34.526+0000] {dagbag.py:545} INFO - Filling up the DagBag from /opt/airflow/dags/coinflow_daily_pipeline.py
[2026-07-20T09:32:34.587+0000] {processor.py:840} INFO - DAG(s) 'coinflow_daily_pipeline' retrieved from /opt/airflow/dags/coinflow_daily_pipeline.py
[2026-07-20T09:32:34.684+0000] {logging_mixin.py:188} INFO - [2026-07-20T09:32:34.683+0000] {dag.py:3089} INFO - Sync 1 DAGs
[2026-07-20T09:32:34.724+0000] {logging_mixin.py:188} INFO - [2026-07-20T09:32:34.724+0000] {dag.py:3947} INFO - Setting next_dagrun for coinflow_daily_pipeline to 2026-07-20 06:00:00+00:00, run_after=2026-07-21 06:00:00+00:00
[2026-07-20T09:32:34.949+0000] {processor.py:183} INFO - Processing /opt/airflow/dags/coinflow_daily_pipeline.py took 0.460 seconds
[2026-07-20T09:39:56.273+0000] {processor.py:161} INFO - Started process (PID=275) to work on /opt/airflow/dags/coinflow_daily_pipeline.py
[2026-07-20T09:39:56.283+0000] {processor.py:830} INFO - Processing file /opt/airflow/dags/coinflow_daily_pipeline.py for tasks to queue
[2026-07-20T09:39:56.290+0000] {logging_mixin.py:188} INFO - [2026-07-20T09:39:56.289+0000] {dagbag.py:545} INFO - Filling up the DagBag from /opt/airflow/dags/coinflow_daily_pipeline.py
[2026-07-20T09:39:56.352+0000] {processor.py:840} INFO - DAG(s) 'coinflow_daily_pipeline' retrieved from /opt/airflow/dags/coinflow_daily_pipeline.py
[2026-07-20T09:39:57.295+0000] {logging_mixin.py:188} INFO - [2026-07-20T09:39:57.294+0000] {dag.py:3089} INFO - Sync 1 DAGs
[2026-07-20T09:39:57.380+0000] {logging_mixin.py:188} INFO - [2026-07-20T09:39:57.379+0000] {dag.py:3947} INFO - Setting next_dagrun for coinflow_daily_pipeline to 2026-07-20 06:00:00+00:00, run_after=2026-07-21 06:00:00+00:00
[2026-07-20T09:39:57.520+0000] {processor.py:183} INFO - Processing /opt/airflow/dags/coinflow_daily_pipeline.py took 1.268 seconds
[2026-07-20T09:48:38.639+0000] {processor.py:161} INFO - Started process (PID=282) to work on /opt/airflow/dags/coinflow_daily_pipeline.py
[2026-07-20T09:48:38.642+0000] {processor.py:830} INFO - Processing file /opt/airflow/dags/coinflow_daily_pipeline.py for tasks to queue
[2026-07-20T09:48:38.653+0000] {logging_mixin.py:188} INFO - [2026-07-20T09:48:38.652+0000] {dagbag.py:545} INFO - Filling up the DagBag from /opt/airflow/dags/coinflow_daily_pipeline.py
[2026-07-20T09:48:39.023+0000] {processor.py:840} INFO - DAG(s) 'coinflow_daily_pipeline' retrieved from /opt/airflow/dags/coinflow_daily_pipeline.py
[2026-07-20T09:48:40.333+0000] {logging_mixin.py:188} INFO - [2026-07-20T09:48:40.323+0000] {dag.py:3089} INFO - Sync 1 DAGs
[2026-07-20T09:48:40.503+0000] {logging_mixin.py:188} INFO - [2026-07-20T09:48:40.500+0000] {dag.py:3947} INFO - Setting next_dagrun for coinflow_daily_pipeline to 2026-07-20 06:00:00+00:00, run_after=2026-07-21 06:00:00+00:00
[2026-07-20T09:48:40.953+0000] {processor.py:183} INFO - Processing /opt/airflow/dags/coinflow_daily_pipeline.py took 2.352 seconds
[2026-07-20T09:49:11.057+0000] {processor.py:161} INFO - Started process (PID=293) to work on /opt/airflow/dags/coinflow_daily_pipeline.py
[2026-07-20T09:49:11.059+0000] {processor.py:830} INFO - Processing file /opt/airflow/dags/coinflow_daily_pipeline.py for tasks to queue
[2026-07-20T09:49:11.064+0000] {logging_mixin.py:188} INFO - [2026-07-20T09:49:11.063+0000] {dagbag.py:545} INFO - Filling up the DagBag from /opt/airflow/dags/coinflow_daily_pipeline.py
[2026-07-20T09:49:11.105+0000] {processor.py:840} INFO - DAG(s) 'coinflow_daily_pipeline' retrieved from /opt/airflow/dags/coinflow_daily_pipeline.py
[2026-07-20T09:49:11.179+0000] {logging_mixin.py:188} INFO - [2026-07-20T09:49:11.179+0000] {dag.py:3089} INFO - Sync 1 DAGs
[2026-07-20T09:49:11.234+0000] {logging_mixin.py:188} INFO - [2026-07-20T09:49:11.233+0000] {dag.py:3947} INFO - Setting next_dagrun for coinflow_daily_pipeline to 2026-07-20 06:00:00+00:00, run_after=2026-07-21 06:00:00+00:00
[2026-07-20T09:49:11.324+0000] {processor.py:183} INFO - Processing /opt/airflow/dags/coinflow_daily_pipeline.py took 0.278 seconds
[2026-07-20T09:49:41.901+0000] {processor.py:161} INFO - Started process (PID=303) to work on /opt/airflow/dags/coinflow_daily_pipeline.py
[2026-07-20T09:49:41.903+0000] {processor.py:830} INFO - Processing file /opt/airflow/dags/coinflow_daily_pipeline.py for tasks to queue
[2026-07-20T09:49:41.907+0000] {logging_mixin.py:188} INFO - [2026-07-20T09:49:41.906+0000] {dagbag.py:545} INFO - Filling up the DagBag from /opt/airflow/dags/coinflow_daily_pipeline.py
[2026-07-20T09:49:41.952+0000] {processor.py:840} INFO - DAG(s) 'coinflow_daily_pipeline' retrieved from /opt/airflow/dags/coinflow_daily_pipeline.py
[2026-07-20T09:49:42.016+0000] {logging_mixin.py:188} INFO - [2026-07-20T09:49:42.016+0000] {dag.py:3089} INFO - Sync 1 DAGs
[2026-07-20T09:49:42.074+0000] {logging_mixin.py:188} INFO - [2026-07-20T09:49:42.073+0000] {dag.py:3947} INFO - Setting next_dagrun for coinflow_daily_pipeline to 2026-07-20 06:00:00+00:00, run_after=2026-07-21 06:00:00+00:00
[2026-07-20T09:49:42.159+0000] {processor.py:183} INFO - Processing /opt/airflow/dags/coinflow_daily_pipeline.py took 0.268 seconds
[2026-07-20T09:50:12.603+0000] {processor.py:161} INFO - Started process (PID=314) to work on /opt/airflow/dags/coinflow_daily_pipeline.py
[2026-07-20T09:50:12.606+0000] {processor.py:830} INFO - Processing file /opt/airflow/dags/coinflow_daily_pipeline.py for tasks to queue
[2026-07-20T09:50:12.610+0000] {logging_mixin.py:188} INFO - [2026-07-20T09:50:12.609+0000] {dagbag.py:545} INFO - Filling up the DagBag from /opt/airflow/dags/coinflow_daily_pipeline.py
[2026-07-20T09:50:12.661+0000] {processor.py:840} INFO - DAG(s) 'coinflow_daily_pipeline' retrieved from /opt/airflow/dags/coinflow_daily_pipeline.py
[2026-07-20T09:50:12.722+0000] {logging_mixin.py:188} INFO - [2026-07-20T09:50:12.722+0000] {dag.py:3089} INFO - Sync 1 DAGs
[2026-07-20T09:50:12.771+0000] {logging_mixin.py:188} INFO - [2026-07-20T09:50:12.770+0000] {dag.py:3947} INFO - Setting next_dagrun for coinflow_daily_pipeline to 2026-07-20 06:00:00+00:00, run_after=2026-07-21 06:00:00+00:00
[2026-07-20T09:50:12.846+0000] {processor.py:183} INFO - Processing /opt/airflow/dags/coinflow_daily_pipeline.py took 0.254 seconds
[2026-07-20T09:59:03.802+0000] {processor.py:161} INFO - Started process (PID=257) to work on /opt/airflow/dags/coinflow_daily_pipeline.py
[2026-07-20T09:59:03.806+0000] {processor.py:830} INFO - Processing file /opt/airflow/dags/coinflow_daily_pipeline.py for tasks to queue
[2026-07-20T09:59:03.812+0000] {logging_mixin.py:188} INFO - [2026-07-20T09:59:03.811+0000] {dagbag.py:545} INFO - Filling up the DagBag from /opt/airflow/dags/coinflow_daily_pipeline.py
[2026-07-20T09:59:03.904+0000] {processor.py:840} INFO - DAG(s) 'coinflow_daily_pipeline' retrieved from /opt/airflow/dags/coinflow_daily_pipeline.py
[2026-07-20T09:59:07.342+0000] {logging_mixin.py:188} INFO - [2026-07-20T09:59:07.339+0000] {override.py:1858} INFO - Created Permission View: can edit on DAG:coinflow_daily_pipeline
[2026-07-20T09:59:08.927+0000] {logging_mixin.py:188} INFO - [2026-07-20T09:59:08.926+0000] {override.py:1858} INFO - Created Permission View: can read on DAG:coinflow_daily_pipeline
[2026-07-20T09:59:10.209+0000] {logging_mixin.py:188} INFO - [2026-07-20T09:59:10.208+0000] {override.py:1858} INFO - Created Permission View: can delete on DAG:coinflow_daily_pipeline
[2026-07-20T09:59:10.210+0000] {logging_mixin.py:188} INFO - [2026-07-20T09:59:10.210+0000] {dag.py:3089} INFO - Sync 1 DAGs
[2026-07-20T09:59:10.253+0000] {logging_mixin.py:188} INFO - [2026-07-20T09:59:10.253+0000] {dag.py:3111} INFO - Creating ORM DAG for coinflow_daily_pipeline
[2026-07-20T09:59:10.298+0000] {logging_mixin.py:188} INFO - [2026-07-20T09:59:10.298+0000] {dag.py:3947} INFO - Setting next_dagrun for coinflow_daily_pipeline to 2026-07-19 06:00:00+00:00, run_after=2026-07-20 06:00:00+00:00
[2026-07-20T09:59:11.242+0000] {processor.py:183} INFO - Processing /opt/airflow/dags/coinflow_daily_pipeline.py took 7.460 seconds
[2026-07-20T09:59:41.517+0000] {processor.py:161} INFO - Started process (PID=274) to work on /opt/airflow/dags/coinflow_daily_pipeline.py
[2026-07-20T09:59:41.518+0000] {processor.py:830} INFO - Processing file /opt/airflow/dags/coinflow_daily_pipeline.py for tasks to queue
[2026-07-20T09:59:41.523+0000] {logging_mixin.py:188} INFO - [2026-07-20T09:59:41.522+0000] {dagbag.py:545} INFO - Filling up the DagBag from /opt/airflow/dags/coinflow_daily_pipeline.py
[2026-07-20T09:59:41.602+0000] {processor.py:840} INFO - DAG(s) 'coinflow_daily_pipeline' retrieved from /opt/airflow/dags/coinflow_daily_pipeline.py
[2026-07-20T09:59:41.817+0000] {logging_mixin.py:188} INFO - [2026-07-20T09:59:41.815+0000] {dag.py:3089} INFO - Sync 1 DAGs
[2026-07-20T09:59:41.908+0000] {logging_mixin.py:188} INFO - [2026-07-20T09:59:41.908+0000] {dag.py:3947} INFO - Setting next_dagrun for coinflow_daily_pipeline to 2026-07-19 06:00:00+00:00, run_after=2026-07-20 06:00:00+00:00
[2026-07-20T09:59:42.028+0000] {processor.py:183} INFO - Processing /opt/airflow/dags/coinflow_daily_pipeline.py took 0.527 seconds
[2026-07-20T10:00:12.439+0000] {processor.py:161} INFO - Started process (PID=285) to work on /opt/airflow/dags/coinflow_daily_pipeline.py
[2026-07-20T10:00:12.441+0000] {processor.py:830} INFO - Processing file /opt/airflow/dags/coinflow_daily_pipeline.py for tasks to queue
[2026-07-20T10:00:12.446+0000] {logging_mixin.py:188} INFO - [2026-07-20T10:00:12.445+0000] {dagbag.py:545} INFO - Filling up the DagBag from /opt/airflow/dags/coinflow_daily_pipeline.py
[2026-07-20T10:00:12.498+0000] {processor.py:840} INFO - DAG(s) 'coinflow_daily_pipeline' retrieved from /opt/airflow/dags/coinflow_daily_pipeline.py
[2026-07-20T10:00:12.634+0000] {logging_mixin.py:188} INFO - [2026-07-20T10:00:12.634+0000] {dag.py:3089} INFO - Sync 1 DAGs
[2026-07-20T10:00:12.807+0000] {logging_mixin.py:188} INFO - [2026-07-20T10:00:12.806+0000] {dag.py:3947} INFO - Setting next_dagrun for coinflow_daily_pipeline to 2026-07-19 06:00:00+00:00, run_after=2026-07-20 06:00:00+00:00
[2026-07-20T10:00:12.928+0000] {processor.py:183} INFO - Processing /opt/airflow/dags/coinflow_daily_pipeline.py took 0.501 seconds
[2026-07-20T10:00:43.331+0000] {processor.py:161} INFO - Started process (PID=296) to work on /opt/airflow/dags/coinflow_daily_pipeline.py
[2026-07-20T10:00:43.334+0000] {processor.py:830} INFO - Processing file /opt/airflow/dags/coinflow_daily_pipeline.py for tasks to queue
[2026-07-20T10:00:43.340+0000] {logging_mixin.py:188} INFO - [2026-07-20T10:00:43.339+0000] {dagbag.py:545} INFO - Filling up the DagBag from /opt/airflow/dags/coinflow_daily_pipeline.py
[2026-07-20T10:00:43.394+0000] {processor.py:840} INFO - DAG(s) 'coinflow_daily_pipeline' retrieved from /opt/airflow/dags/coinflow_daily_pipeline.py
[2026-07-20T10:00:43.464+0000] {logging_mixin.py:188} INFO - [2026-07-20T10:00:43.463+0000] {dag.py:3089} INFO - Sync 1 DAGs
[2026-07-20T10:00:43.511+0000] {logging_mixin.py:188} INFO - [2026-07-20T10:00:43.510+0000] {dag.py:3947} INFO - Setting next_dagrun for coinflow_daily_pipeline to 2026-07-19 06:00:00+00:00, run_after=2026-07-20 06:00:00+00:00
[2026-07-20T10:00:43.591+0000] {processor.py:183} INFO - Processing /opt/airflow/dags/coinflow_daily_pipeline.py took 0.276 seconds
[2026-07-20T10:01:13.977+0000] {processor.py:161} INFO - Started process (PID=307) to work on /opt/airflow/dags/coinflow_daily_pipeline.py
[2026-07-20T10:01:13.979+0000] {processor.py:830} INFO - Processing file /opt/airflow/dags/coinflow_daily_pipeline.py for tasks to queue
[2026-07-20T10:01:13.982+0000] {logging_mixin.py:188} INFO - [2026-07-20T10:01:13.982+0000] {dagbag.py:545} INFO - Filling up the DagBag from /opt/airflow/dags/coinflow_daily_pipeline.py
[2026-07-20T10:01:14.037+0000] {processor.py:840} INFO - DAG(s) 'coinflow_daily_pipeline' retrieved from /opt/airflow/dags/coinflow_daily_pipeline.py
[2026-07-20T10:01:14.107+0000] {logging_mixin.py:188} INFO - [2026-07-20T10:01:14.107+0000] {dag.py:3089} INFO - Sync 1 DAGs
[2026-07-20T10:01:14.170+0000] {logging_mixin.py:188} INFO - [2026-07-20T10:01:14.169+0000] {dag.py:3947} INFO - Setting next_dagrun for coinflow_daily_pipeline to 2026-07-19 06:00:00+00:00, run_after=2026-07-20 06:00:00+00:00
[2026-07-20T10:01:14.272+0000] {processor.py:183} INFO - Processing /opt/airflow/dags/coinflow_daily_pipeline.py took 0.305 seconds
[2026-07-20T10:01:44.809+0000] {processor.py:161} INFO - Started process (PID=326) to work on /opt/airflow/dags/coinflow_daily_pipeline.py
[2026-07-20T10:01:44.810+0000] {processor.py:830} INFO - Processing file /opt/airflow/dags/coinflow_daily_pipeline.py for tasks to queue
[2026-07-20T10:01:44.815+0000] {logging_mixin.py:188} INFO - [2026-07-20T10:01:44.814+0000] {dagbag.py:545} INFO - Filling up the DagBag from /opt/airflow/dags/coinflow_daily_pipeline.py
[2026-07-20T10:01:44.857+0000] {processor.py:840} INFO - DAG(s) 'coinflow_daily_pipeline' retrieved from /opt/airflow/dags/coinflow_daily_pipeline.py
[2026-07-20T10:01:44.916+0000] {logging_mixin.py:188} INFO - [2026-07-20T10:01:44.916+0000] {dag.py:3089} INFO - Sync 1 DAGs
[2026-07-20T10:01:44.955+0000] {logging_mixin.py:188} INFO - [2026-07-20T10:01:44.954+0000] {dag.py:3947} INFO - Setting next_dagrun for coinflow_daily_pipeline to 2026-07-19 06:00:00+00:00, run_after=2026-07-20 06:00:00+00:00
[2026-07-20T10:01:45.037+0000] {processor.py:183} INFO - Processing /opt/airflow/dags/coinflow_daily_pipeline.py took 0.239 seconds
[2026-07-20T10:02:15.227+0000] {processor.py:161} INFO - Started process (PID=337) to work on /opt/airflow/dags/coinflow_daily_pipeline.py
[2026-07-20T10:02:15.229+0000] {processor.py:830} INFO - Processing file /opt/airflow/dags/coinflow_daily_pipeline.py for tasks to queue
[2026-07-20T10:02:15.233+0000] {logging_mixin.py:188} INFO - [2026-07-20T10:02:15.232+0000] {dagbag.py:545} INFO - Filling up the DagBag from /opt/airflow/dags/coinflow_daily_pipeline.py
[2026-07-20T10:02:15.281+0000] {processor.py:840} INFO - DAG(s) 'coinflow_daily_pipeline' retrieved from /opt/airflow/dags/coinflow_daily_pipeline.py
[2026-07-20T10:02:15.354+0000] {logging_mixin.py:188} INFO - [2026-07-20T10:02:15.354+0000] {dag.py:3089} INFO - Sync 1 DAGs
[2026-07-20T10:02:15.405+0000] {logging_mixin.py:188} INFO - [2026-07-20T10:02:15.405+0000] {dag.py:3947} INFO - Setting next_dagrun for coinflow_daily_pipeline to 2026-07-19 06:00:00+00:00, run_after=2026-07-20 06:00:00+00:00
[2026-07-20T10:02:16.421+0000] {processor.py:183} INFO - Processing /opt/airflow/dags/coinflow_daily_pipeline.py took 1.205 seconds
[2026-07-20T10:02:47.389+0000] {processor.py:161} INFO - Started process (PID=348) to work on /opt/airflow/dags/coinflow_daily_pipeline.py
[2026-07-20T10:02:47.391+0000] {processor.py:830} INFO - Processing file /opt/airflow/dags/coinflow_daily_pipeline.py for tasks to queue
[2026-07-20T10:02:47.395+0000] {logging_mixin.py:188} INFO - [2026-07-20T10:02:47.394+0000] {dagbag.py:545} INFO - Filling up the DagBag from /opt/airflow/dags/coinflow_daily_pipeline.py
[2026-07-20T10:02:47.466+0000] {processor.py:840} INFO - DAG(s) 'coinflow_daily_pipeline' retrieved from /opt/airflow/dags/coinflow_daily_pipeline.py
[2026-07-20T10:02:47.609+0000] {logging_mixin.py:188} INFO - [2026-07-20T10:02:47.608+0000] {dag.py:3089} INFO - Sync 1 DAGs
[2026-07-20T10:02:47.688+0000] {logging_mixin.py:188} INFO - [2026-07-20T10:02:47.687+0000] {dag.py:3947} INFO - Setting next_dagrun for coinflow_daily_pipeline to 2026-07-19 06:00:00+00:00, run_after=2026-07-20 06:00:00+00:00
[2026-07-20T10:02:47.760+0000] {processor.py:183} INFO - Processing /opt/airflow/dags/coinflow_daily_pipeline.py took 0.380 seconds
[2026-07-20T10:03:18.264+0000] {processor.py:161} INFO - Started process (PID=359) to work on /opt/airflow/dags/coinflow_daily_pipeline.py
[2026-07-20T10:03:18.266+0000] {processor.py:830} INFO - Processing file /opt/airflow/dags/coinflow_daily_pipeline.py for tasks to queue
[2026-07-20T10:03:18.270+0000] {logging_mixin.py:188} INFO - [2026-07-20T10:03:18.269+0000] {dagbag.py:545} INFO - Filling up the DagBag from /opt/airflow/dags/coinflow_daily_pipeline.py
[2026-07-20T10:03:18.317+0000] {processor.py:840} INFO - DAG(s) 'coinflow_daily_pipeline' retrieved from /opt/airflow/dags/coinflow_daily_pipeline.py
[2026-07-20T10:03:18.375+0000] {logging_mixin.py:188} INFO - [2026-07-20T10:03:18.375+0000] {dag.py:3089} INFO - Sync 1 DAGs
[2026-07-20T10:03:18.416+0000] {logging_mixin.py:188} INFO - [2026-07-20T10:03:18.416+0000] {dag.py:3947} INFO - Setting next_dagrun for coinflow_daily_pipeline to 2026-07-19 06:00:00+00:00, run_after=2026-07-20 06:00:00+00:00
[2026-07-20T10:03:18.529+0000] {processor.py:183} INFO - Processing /opt/airflow/dags/coinflow_daily_pipeline.py took 0.277 seconds
[2026-07-20T10:03:48.871+0000] {processor.py:161} INFO - Started process (PID=370) to work on /opt/airflow/dags/coinflow_daily_pipeline.py
[2026-07-20T10:03:48.874+0000] {processor.py:830} INFO - Processing file /opt/airflow/dags/coinflow_daily_pipeline.py for tasks to queue
[2026-07-20T10:03:48.878+0000] {logging_mixin.py:188} INFO - [2026-07-20T10:03:48.877+0000] {dagbag.py:545} INFO - Filling up the DagBag from /opt/airflow/dags/coinflow_daily_pipeline.py
[2026-07-20T10:03:48.915+0000] {processor.py:840} INFO - DAG(s) 'coinflow_daily_pipeline' retrieved from /opt/airflow/dags/coinflow_daily_pipeline.py
[2026-07-20T10:03:48.973+0000] {logging_mixin.py:188} INFO - [2026-07-20T10:03:48.972+0000] {dag.py:3089} INFO - Sync 1 DAGs
[2026-07-20T10:03:49.031+0000] {logging_mixin.py:188} INFO - [2026-07-20T10:03:49.030+0000] {dag.py:3947} INFO - Setting next_dagrun for coinflow_daily_pipeline to 2026-07-19 06:00:00+00:00, run_after=2026-07-20 06:00:00+00:00
[2026-07-20T10:03:49.145+0000] {processor.py:183} INFO - Processing /opt/airflow/dags/coinflow_daily_pipeline.py took 0.290 seconds
[2026-07-20T10:04:19.668+0000] {processor.py:161} INFO - Started process (PID=381) to work on /opt/airflow/dags/coinflow_daily_pipeline.py
[2026-07-20T10:04:19.670+0000] {processor.py:830} INFO - Processing file /opt/airflow/dags/coinflow_daily_pipeline.py for tasks to queue
[2026-07-20T10:04:19.676+0000] {logging_mixin.py:188} INFO - [2026-07-20T10:04:19.676+0000] {dagbag.py:545} INFO - Filling up the DagBag from /opt/airflow/dags/coinflow_daily_pipeline.py
[2026-07-20T10:04:19.744+0000] {processor.py:840} INFO - DAG(s) 'coinflow_daily_pipeline' retrieved from /opt/airflow/dags/coinflow_daily_pipeline.py
[2026-07-20T10:04:19.847+0000] {logging_mixin.py:188} INFO - [2026-07-20T10:04:19.847+0000] {dag.py:3089} INFO - Sync 1 DAGs
[2026-07-20T10:04:19.892+0000] {logging_mixin.py:188} INFO - [2026-07-20T10:04:19.891+0000] {dag.py:3947} INFO - Setting next_dagrun for coinflow_daily_pipeline to 2026-07-19 06:00:00+00:00, run_after=2026-07-20 06:00:00+00:00
[2026-07-20T10:04:19.966+0000] {processor.py:183} INFO - Processing /opt/airflow/dags/coinflow_daily_pipeline.py took 0.313 seconds
[2026-07-20T10:04:50.277+0000] {processor.py:161} INFO - Started process (PID=392) to work on /opt/airflow/dags/coinflow_daily_pipeline.py
[2026-07-20T10:04:50.280+0000] {processor.py:830} INFO - Processing file /opt/airflow/dags/coinflow_daily_pipeline.py for tasks to queue
[2026-07-20T10:04:50.288+0000] {logging_mixin.py:188} INFO - [2026-07-20T10:04:50.287+0000] {dagbag.py:545} INFO - Filling up the DagBag from /opt/airflow/dags/coinflow_daily_pipeline.py
[2026-07-20T10:04:50.375+0000] {processor.py:840} INFO - DAG(s) 'coinflow_daily_pipeline' retrieved from /opt/airflow/dags/coinflow_daily_pipeline.py
[2026-07-20T10:04:50.540+0000] {logging_mixin.py:188} INFO - [2026-07-20T10:04:50.539+0000] {dag.py:3089} INFO - Sync 1 DAGs
[2026-07-20T10:04:50.643+0000] {logging_mixin.py:188} INFO - [2026-07-20T10:04:50.642+0000] {dag.py:3947} INFO - Setting next_dagrun for coinflow_daily_pipeline to 2026-07-19 06:00:00+00:00, run_after=2026-07-20 06:00:00+00:00
[2026-07-20T10:04:50.919+0000] {processor.py:183} INFO - Processing /opt/airflow/dags/coinflow_daily_pipeline.py took 0.660 seconds
[2026-07-20T10:05:21.465+0000] {processor.py:161} INFO - Started process (PID=403) to work on /opt/airflow/dags/coinflow_daily_pipeline.py
[2026-07-20T10:05:21.468+0000] {processor.py:830} INFO - Processing file /opt/airflow/dags/coinflow_daily_pipeline.py for tasks to queue
[2026-07-20T10:05:21.472+0000] {logging_mixin.py:188} INFO - [2026-07-20T10:05:21.471+0000] {dagbag.py:545} INFO - Filling up the DagBag from /opt/airflow/dags/coinflow_daily_pipeline.py
[2026-07-20T10:05:21.513+0000] {processor.py:840} INFO - DAG(s) 'coinflow_daily_pipeline' retrieved from /opt/airflow/dags/coinflow_daily_pipeline.py
[2026-07-20T10:05:21.613+0000] {logging_mixin.py:188} INFO - [2026-07-20T10:05:21.612+0000] {dag.py:3089} INFO - Sync 1 DAGs
[2026-07-20T10:05:21.694+0000] {logging_mixin.py:188} INFO - [2026-07-20T10:05:21.694+0000] {dag.py:3947} INFO - Setting next_dagrun for coinflow_daily_pipeline to 2026-07-19 06:00:00+00:00, run_after=2026-07-20 06:00:00+00:00
[2026-07-20T10:05:21.805+0000] {processor.py:183} INFO - Processing /opt/airflow/dags/coinflow_daily_pipeline.py took 0.353 seconds
[2026-07-20T10:05:52.212+0000] {processor.py:161} INFO - Started process (PID=414) to work on /opt/airflow/dags/coinflow_daily_pipeline.py
[2026-07-20T10:05:52.213+0000] {processor.py:830} INFO - Processing file /opt/airflow/dags/coinflow_daily_pipeline.py for tasks to queue
[2026-07-20T10:05:52.218+0000] {logging_mixin.py:188} INFO - [2026-07-20T10:05:52.217+0000] {dagbag.py:545} INFO - Filling up the DagBag from /opt/airflow/dags/coinflow_daily_pipeline.py
[2026-07-20T10:05:52.252+0000] {processor.py:840} INFO - DAG(s) 'coinflow_daily_pipeline' retrieved from /opt/airflow/dags/coinflow_daily_pipeline.py
[2026-07-20T10:05:52.313+0000] {logging_mixin.py:188} INFO - [2026-07-20T10:05:52.312+0000] {dag.py:3089} INFO - Sync 1 DAGs
[2026-07-20T10:05:52.350+0000] {logging_mixin.py:188} INFO - [2026-07-20T10:05:52.350+0000] {dag.py:3947} INFO - Setting next_dagrun for coinflow_daily_pipeline to 2026-07-19 06:00:00+00:00, run_after=2026-07-20 06:00:00+00:00
[2026-07-20T10:05:52.506+0000] {processor.py:183} INFO - Processing /opt/airflow/dags/coinflow_daily_pipeline.py took 0.304 seconds
[2026-07-20T10:06:22.644+0000] {processor.py:161} INFO - Started process (PID=425) to work on /opt/airflow/dags/coinflow_daily_pipeline.py
[2026-07-20T10:06:22.646+0000] {processor.py:830} INFO - Processing file /opt/airflow/dags/coinflow_daily_pipeline.py for tasks to queue
[2026-07-20T10:06:22.650+0000] {logging_mixin.py:188} INFO - [2026-07-20T10:06:22.650+0000] {dagbag.py:545} INFO - Filling up the DagBag from /opt/airflow/dags/coinflow_daily_pipeline.py
[2026-07-20T10:06:22.696+0000] {processor.py:840} INFO - DAG(s) 'coinflow_daily_pipeline' retrieved from /opt/airflow/dags/coinflow_daily_pipeline.py
[2026-07-20T10:06:22.754+0000] {logging_mixin.py:188} INFO - [2026-07-20T10:06:22.754+0000] {dag.py:3089} INFO - Sync 1 DAGs
[2026-07-20T10:06:22.791+0000] {logging_mixin.py:188} INFO - [2026-07-20T10:06:22.790+0000] {dag.py:3947} INFO - Setting next_dagrun for coinflow_daily_pipeline to 2026-07-19 06:00:00+00:00, run_after=2026-07-20 06:00:00+00:00
[2026-07-20T10:06:22.900+0000] {processor.py:183} INFO - Processing /opt/airflow/dags/coinflow_daily_pipeline.py took 0.266 seconds
[2026-07-20T10:06:53.288+0000] {processor.py:161} INFO - Started process (PID=437) to work on /opt/airflow/dags/coinflow_daily_pipeline.py
[2026-07-20T10:06:53.290+0000] {processor.py:830} INFO - Processing file /opt/airflow/dags/coinflow_daily_pipeline.py for tasks to queue
[2026-07-20T10:06:53.293+0000] {logging_mixin.py:188} INFO - [2026-07-20T10:06:53.292+0000] {dagbag.py:545} INFO - Filling up the DagBag from /opt/airflow/dags/coinflow_daily_pipeline.py
[2026-07-20T10:06:53.332+0000] {processor.py:840} INFO - DAG(s) 'coinflow_daily_pipeline' retrieved from /opt/airflow/dags/coinflow_daily_pipeline.py
[2026-07-20T10:06:53.389+0000] {logging_mixin.py:188} INFO - [2026-07-20T10:06:53.388+0000] {dag.py:3089} INFO - Sync 1 DAGs
[2026-07-20T10:06:53.431+0000] {logging_mixin.py:188} INFO - [2026-07-20T10:06:53.431+0000] {dag.py:3947} INFO - Setting next_dagrun for coinflow_daily_pipeline to 2026-07-19 06:00:00+00:00, run_after=2026-07-20 06:00:00+00:00
[2026-07-20T10:06:53.501+0000] {processor.py:183} INFO - Processing /opt/airflow/dags/coinflow_daily_pipeline.py took 0.224 seconds
[2026-07-20T10:07:23.682+0000] {processor.py:161} INFO - Started process (PID=448) to work on /opt/airflow/dags/coinflow_daily_pipeline.py
[2026-07-20T10:07:23.685+0000] {processor.py:830} INFO - Processing file /opt/airflow/dags/coinflow_daily_pipeline.py for tasks to queue
[2026-07-20T10:07:23.690+0000] {logging_mixin.py:188} INFO - [2026-07-20T10:07:23.689+0000] {dagbag.py:545} INFO - Filling up the DagBag from /opt/airflow/dags/coinflow_daily_pipeline.py
[2026-07-20T10:07:23.768+0000] {processor.py:840} INFO - DAG(s) 'coinflow_daily_pipeline' retrieved from /opt/airflow/dags/coinflow_daily_pipeline.py
[2026-07-20T10:07:23.897+0000] {logging_mixin.py:188} INFO - [2026-07-20T10:07:23.896+0000] {dag.py:3089} INFO - Sync 1 DAGs
[2026-07-20T10:07:23.955+0000] {logging_mixin.py:188} INFO - [2026-07-20T10:07:23.955+0000] {dag.py:3947} INFO - Setting next_dagrun for coinflow_daily_pipeline to 2026-07-19 06:00:00+00:00, run_after=2026-07-20 06:00:00+00:00
[2026-07-20T10:07:24.068+0000] {processor.py:183} INFO - Processing /opt/airflow/dags/coinflow_daily_pipeline.py took 0.408 seconds
[2026-07-20T10:07:54.254+0000] {processor.py:161} INFO - Started process (PID=460) to work on /opt/airflow/dags/coinflow_daily_pipeline.py
[2026-07-20T10:07:54.256+0000] {processor.py:830} INFO - Processing file /opt/airflow/dags/coinflow_daily_pipeline.py for tasks to queue
[2026-07-20T10:07:54.260+0000] {logging_mixin.py:188} INFO - [2026-07-20T10:07:54.259+0000] {dagbag.py:545} INFO - Filling up the DagBag from /opt/airflow/dags/coinflow_daily_pipeline.py
[2026-07-20T10:07:54.299+0000] {processor.py:840} INFO - DAG(s) 'coinflow_daily_pipeline' retrieved from /opt/airflow/dags/coinflow_daily_pipeline.py
[2026-07-20T10:07:54.366+0000] {logging_mixin.py:188} INFO - [2026-07-20T10:07:54.366+0000] {dag.py:3089} INFO - Sync 1 DAGs
[2026-07-20T10:07:54.407+0000] {logging_mixin.py:188} INFO - [2026-07-20T10:07:54.407+0000] {dag.py:3947} INFO - Setting next_dagrun for coinflow_daily_pipeline to 2026-07-19 06:00:00+00:00, run_after=2026-07-20 06:00:00+00:00
[2026-07-20T10:07:54.565+0000] {processor.py:183} INFO - Processing /opt/airflow/dags/coinflow_daily_pipeline.py took 0.323 seconds
[2026-07-20T10:08:24.877+0000] {processor.py:161} INFO - Started process (PID=472) to work on /opt/airflow/dags/coinflow_daily_pipeline.py
[2026-07-20T10:08:24.880+0000] {processor.py:830} INFO - Processing file /opt/airflow/dags/coinflow_daily_pipeline.py for tasks to queue
[2026-07-20T10:08:24.885+0000] {logging_mixin.py:188} INFO - [2026-07-20T10:08:24.884+0000] {dagbag.py:545} INFO - Filling up the DagBag from /opt/airflow/dags/coinflow_daily_pipeline.py
[2026-07-20T10:08:24.938+0000] {processor.py:840} INFO - DAG(s) 'coinflow_daily_pipeline' retrieved from /opt/airflow/dags/coinflow_daily_pipeline.py
[2026-07-20T10:08:25.013+0000] {logging_mixin.py:188} INFO - [2026-07-20T10:08:25.013+0000] {dag.py:3089} INFO - Sync 1 DAGs
[2026-07-20T10:08:25.052+0000] {logging_mixin.py:188} INFO - [2026-07-20T10:08:25.052+0000] {dag.py:3947} INFO - Setting next_dagrun for coinflow_daily_pipeline to 2026-07-19 06:00:00+00:00, run_after=2026-07-20 06:00:00+00:00
[2026-07-20T10:08:25.148+0000] {processor.py:183} INFO - Processing /opt/airflow/dags/coinflow_daily_pipeline.py took 0.285 seconds
[2026-07-20T10:08:55.460+0000] {processor.py:161} INFO - Started process (PID=483) to work on /opt/airflow/dags/coinflow_daily_pipeline.py
[2026-07-20T10:08:55.462+0000] {processor.py:830} INFO - Processing file /opt/airflow/dags/coinflow_daily_pipeline.py for tasks to queue
[2026-07-20T10:08:55.466+0000] {logging_mixin.py:188} INFO - [2026-07-20T10:08:55.465+0000] {dagbag.py:545} INFO - Filling up the DagBag from /opt/airflow/dags/coinflow_daily_pipeline.py
[2026-07-20T10:08:55.508+0000] {processor.py:840} INFO - DAG(s) 'coinflow_daily_pipeline' retrieved from /opt/airflow/dags/coinflow_daily_pipeline.py
[2026-07-20T10:08:55.570+0000] {logging_mixin.py:188} INFO - [2026-07-20T10:08:55.570+0000] {dag.py:3089} INFO - Sync 1 DAGs
[2026-07-20T10:08:55.609+0000] {logging_mixin.py:188} INFO - [2026-07-20T10:08:55.609+0000] {dag.py:3947} INFO - Setting next_dagrun for coinflow_daily_pipeline to 2026-07-19 06:00:00+00:00, run_after=2026-07-20 06:00:00+00:00
[2026-07-20T10:08:55.698+0000] {processor.py:183} INFO - Processing /opt/airflow/dags/coinflow_daily_pipeline.py took 0.252 seconds
[2026-07-20T10:09:25.974+0000] {processor.py:161} INFO - Started process (PID=494) to work on /opt/airflow/dags/coinflow_daily_pipeline.py
[2026-07-20T10:09:25.976+0000] {processor.py:830} INFO - Processing file /opt/airflow/dags/coinflow_daily_pipeline.py for tasks to queue
[2026-07-20T10:09:25.980+0000] {logging_mixin.py:188} INFO - [2026-07-20T10:09:25.980+0000] {dagbag.py:545} INFO - Filling up the DagBag from /opt/airflow/dags/coinflow_daily_pipeline.py
[2026-07-20T10:09:26.022+0000] {processor.py:840} INFO - DAG(s) 'coinflow_daily_pipeline' retrieved from /opt/airflow/dags/coinflow_daily_pipeline.py
[2026-07-20T10:09:26.081+0000] {logging_mixin.py:188} INFO - [2026-07-20T10:09:26.081+0000] {dag.py:3089} INFO - Sync 1 DAGs
[2026-07-20T10:09:26.120+0000] {logging_mixin.py:188} INFO - [2026-07-20T10:09:26.119+0000] {dag.py:3947} INFO - Setting next_dagrun for coinflow_daily_pipeline to 2026-07-19 06:00:00+00:00, run_after=2026-07-20 06:00:00+00:00
[2026-07-20T10:09:26.289+0000] {processor.py:183} INFO - Processing /opt/airflow/dags/coinflow_daily_pipeline.py took 0.325 seconds
[2026-07-20T10:09:56.603+0000] {processor.py:161} INFO - Started process (PID=505) to work on /opt/airflow/dags/coinflow_daily_pipeline.py
[2026-07-20T10:09:56.605+0000] {processor.py:830} INFO - Processing file /opt/airflow/dags/coinflow_daily_pipeline.py for tasks to queue
[2026-07-20T10:09:56.608+0000] {logging_mixin.py:188} INFO - [2026-07-20T10:09:56.608+0000] {dagbag.py:545} INFO - Filling up the DagBag from /opt/airflow/dags/coinflow_daily_pipeline.py
[2026-07-20T10:09:56.653+0000] {processor.py:840} INFO - DAG(s) 'coinflow_daily_pipeline' retrieved from /opt/airflow/dags/coinflow_daily_pipeline.py
[2026-07-20T10:09:56.768+0000] {logging_mixin.py:188} INFO - [2026-07-20T10:09:56.768+0000] {dag.py:3089} INFO - Sync 1 DAGs
[2026-07-20T10:09:56.877+0000] {logging_mixin.py:188} INFO - [2026-07-20T10:09:56.877+0000] {dag.py:3947} INFO - Setting next_dagrun for coinflow_daily_pipeline to 2026-07-19 06:00:00+00:00, run_after=2026-07-20 06:00:00+00:00
[2026-07-20T10:09:57.263+0000] {processor.py:183} INFO - Processing /opt/airflow/dags/coinflow_daily_pipeline.py took 0.671 seconds
[2026-07-20T10:10:27.659+0000] {processor.py:161} INFO - Started process (PID=516) to work on /opt/airflow/dags/coinflow_daily_pipeline.py
[2026-07-20T10:10:27.661+0000] {processor.py:830} INFO - Processing file /opt/airflow/dags/coinflow_daily_pipeline.py for tasks to queue
[2026-07-20T10:10:27.667+0000] {logging_mixin.py:188} INFO - [2026-07-20T10:10:27.666+0000] {dagbag.py:545} INFO - Filling up the DagBag from /opt/airflow/dags/coinflow_daily_pipeline.py
[2026-07-20T10:10:27.736+0000] {processor.py:840} INFO - DAG(s) 'coinflow_daily_pipeline' retrieved from /opt/airflow/dags/coinflow_daily_pipeline.py
[2026-07-20T10:10:27.823+0000] {logging_mixin.py:188} INFO - [2026-07-20T10:10:27.822+0000] {dag.py:3089} INFO - Sync 1 DAGs
[2026-07-20T10:10:27.892+0000] {logging_mixin.py:188} INFO - [2026-07-20T10:10:27.892+0000] {dag.py:3947} INFO - Setting next_dagrun for coinflow_daily_pipeline to 2026-07-19 06:00:00+00:00, run_after=2026-07-20 06:00:00+00:00
[2026-07-20T10:10:28.086+0000] {processor.py:183} INFO - Processing /opt/airflow/dags/coinflow_daily_pipeline.py took 0.441 seconds
[2026-07-20T10:10:58.459+0000] {processor.py:161} INFO - Started process (PID=527) to work on /opt/airflow/dags/coinflow_daily_pipeline.py
[2026-07-20T10:10:58.461+0000] {processor.py:830} INFO - Processing file /opt/airflow/dags/coinflow_daily_pipeline.py for tasks to queue
[2026-07-20T10:10:58.465+0000] {logging_mixin.py:188} INFO - [2026-07-20T10:10:58.464+0000] {dagbag.py:545} INFO - Filling up the DagBag from /opt/airflow/dags/coinflow_daily_pipeline.py
[2026-07-20T10:10:58.517+0000] {processor.py:840} INFO - DAG(s) 'coinflow_daily_pipeline' retrieved from /opt/airflow/dags/coinflow_daily_pipeline.py
[2026-07-20T10:10:58.582+0000] {logging_mixin.py:188} INFO - [2026-07-20T10:10:58.582+0000] {dag.py:3089} INFO - Sync 1 DAGs
[2026-07-20T10:10:58.638+0000] {logging_mixin.py:188} INFO - [2026-07-20T10:10:58.637+0000] {dag.py:3947} INFO - Setting next_dagrun for coinflow_daily_pipeline to 2026-07-19 06:00:00+00:00, run_after=2026-07-20 06:00:00+00:00
[2026-07-20T10:10:58.742+0000] {processor.py:183} INFO - Processing /opt/airflow/dags/coinflow_daily_pipeline.py took 0.293 seconds
