[2026-07-20T09:28:27.846+0000] {local_task_job_runner.py:120} INFO - ::group::Pre task execution logs
[2026-07-20T09:28:27.989+0000] {taskinstance.py:2076} INFO - Dependencies all met for dep_context=non-requeueable deps ti=<TaskInstance: coinflow_daily_pipeline.extract_market_coin_data scheduled__2026-07-19T06:00:00+00:00 [queued]>
[2026-07-20T09:28:28.020+0000] {taskinstance.py:2076} INFO - Dependencies all met for dep_context=requeueable deps ti=<TaskInstance: coinflow_daily_pipeline.extract_market_coin_data scheduled__2026-07-19T06:00:00+00:00 [queued]>
[2026-07-20T09:28:28.144+0000] {taskinstance.py:2306} INFO - Starting attempt 3 of 4
[2026-07-20T09:28:28.741+0000] {taskinstance.py:2330} INFO - Executing <Task(BashOperator): extract_market_coin_data> on 2026-07-19 06:00:00+00:00
[2026-07-20T09:28:28.772+0000] {standard_task_runner.py:90} INFO - Running: ['***', 'tasks', 'run', 'coinflow_daily_pipeline', 'extract_market_coin_data', 'scheduled__2026-07-19T06:00:00+00:00', '--job-id', '21', '--raw', '--subdir', 'DAGS_FOLDER/coinflow_daily_pipeline.py', '--cfg-path', '/tmp/tmpxdhm_178']
[2026-07-20T09:28:28.788+0000] {standard_task_runner.py:91} INFO - Job 21: Subtask extract_market_coin_data
[2026-07-20T09:28:28.788+0000] {logging_mixin.py:188} WARNING - /home/***/.local/lib/python3.12/site-packages/***/task/task_runner/standard_task_runner.py:62 DeprecationWarning: This process (pid=277) is multi-threaded, use of fork() may lead to deadlocks in the child.
[2026-07-20T09:28:28.791+0000] {standard_task_runner.py:64} INFO - Started process 280 to run task
[2026-07-20T09:28:29.363+0000] {task_command.py:426} INFO - Running <TaskInstance: coinflow_daily_pipeline.extract_market_coin_data scheduled__2026-07-19T06:00:00+00:00 [running]> on host 7cba1656ad5a
[2026-07-20T09:28:30.338+0000] {taskinstance.py:2648} INFO - Exporting env vars: AIRFLOW_CTX_DAG_OWNER='***' AIRFLOW_CTX_DAG_ID='coinflow_daily_pipeline' AIRFLOW_CTX_TASK_ID='extract_market_coin_data' AIRFLOW_CTX_EXECUTION_DATE='2026-07-19T06:00:00+00:00' AIRFLOW_CTX_TRY_NUMBER='3' AIRFLOW_CTX_DAG_RUN_ID='scheduled__2026-07-19T06:00:00+00:00'
[2026-07-20T09:28:30.339+0000] {taskinstance.py:430} INFO - ::endgroup::
[2026-07-20T09:28:30.427+0000] {subprocess.py:63} INFO - Tmp dir root location: /tmp
[2026-07-20T09:28:30.429+0000] {subprocess.py:75} INFO - Running command: ['/usr/bin/bash', '-c', 'python /opt/***/scripts/ingest_coin_markets.py']
[2026-07-20T09:28:30.446+0000] {subprocess.py:86} INFO - Output:
[2026-07-20T09:28:33.324+0000] {subprocess.py:93} INFO - Database error: connection to server at "database" (172.18.0.2), port 5434 failed: Connection refused
[2026-07-20T09:28:33.326+0000] {subprocess.py:93} INFO - 	Is the server running on that host and accepting TCP/IP connections?
[2026-07-20T09:28:33.328+0000] {subprocess.py:93} INFO - 
[2026-07-20T09:28:33.329+0000] {subprocess.py:93} INFO - Starting coin markets ingestion...
[2026-07-20T09:28:33.397+0000] {subprocess.py:97} INFO - Command exited with return code 1
[2026-07-20T09:28:33.398+0000] {taskinstance.py:441} INFO - ::group::Post task execution logs
[2026-07-20T09:28:33.432+0000] {taskinstance.py:2905} ERROR - Task failed with exception
Traceback (most recent call last):
  File "/home/airflow/.local/lib/python3.12/site-packages/airflow/models/taskinstance.py", line 465, in _execute_task
    result = _execute_callable(context=context, **execute_callable_kwargs)
             ^^^^^^^^^^^^^^^^^^^^^^^^^^^^^^^^^^^^^^^^^^^^^^^^^^^^^^^^^^^^^
  File "/home/airflow/.local/lib/python3.12/site-packages/airflow/models/taskinstance.py", line 432, in _execute_callable
    return execute_callable(context=context, **execute_callable_kwargs)
           ^^^^^^^^^^^^^^^^^^^^^^^^^^^^^^^^^^^^^^^^^^^^^^^^^^^^^^^^^^^^
  File "/home/airflow/.local/lib/python3.12/site-packages/airflow/models/baseoperator.py", line 401, in wrapper
    return func(self, *args, **kwargs)
           ^^^^^^^^^^^^^^^^^^^^^^^^^^^
  File "/home/airflow/.local/lib/python3.12/site-packages/airflow/operators/bash.py", line 243, in execute
    raise AirflowException(
airflow.exceptions.AirflowException: Bash command failed. The command returned a non-zero exit code 1.
[2026-07-20T09:28:33.442+0000] {taskinstance.py:1206} INFO - Marking task as UP_FOR_RETRY. dag_id=coinflow_daily_pipeline, task_id=extract_market_coin_data, run_id=scheduled__2026-07-19T06:00:00+00:00, execution_date=20260719T060000, start_date=20260720T092827, end_date=20260720T092833
[2026-07-20T09:28:33.625+0000] {standard_task_runner.py:110} ERROR - Failed to execute job 21 for task extract_market_coin_data (Bash command failed. The command returned a non-zero exit code 1.; 280)
[2026-07-20T09:28:33.668+0000] {local_task_job_runner.py:243} INFO - Task exited with return code 1
[2026-07-20T09:28:33.811+0000] {taskinstance.py:3503} INFO - 0 downstream tasks scheduled from follow-on schedule check
[2026-07-20T09:28:33.978+0000] {local_task_job_runner.py:222} INFO - ::endgroup::
