[2026-07-20T09:39:57.040+0000] {local_task_job_runner.py:120} INFO - ::group::Pre task execution logs
[2026-07-20T09:39:57.167+0000] {taskinstance.py:2076} INFO - Dependencies all met for dep_context=non-requeueable deps ti=<TaskInstance: coinflow_daily_pipeline.extract_market_coin_data scheduled__2026-07-19T06:00:00+00:00 [queued]>
[2026-07-20T09:39:57.196+0000] {taskinstance.py:2076} INFO - Dependencies all met for dep_context=requeueable deps ti=<TaskInstance: coinflow_daily_pipeline.extract_market_coin_data scheduled__2026-07-19T06:00:00+00:00 [queued]>
[2026-07-20T09:39:57.197+0000] {taskinstance.py:2306} INFO - Starting attempt 4 of 4
[2026-07-20T09:39:57.353+0000] {taskinstance.py:2330} INFO - Executing <Task(BashOperator): extract_market_coin_data> on 2026-07-19 06:00:00+00:00
[2026-07-20T09:39:57.376+0000] {standard_task_runner.py:90} INFO - Running: ['***', 'tasks', 'run', 'coinflow_daily_pipeline', 'extract_market_coin_data', 'scheduled__2026-07-19T06:00:00+00:00', '--job-id', '23', '--raw', '--subdir', 'DAGS_FOLDER/coinflow_daily_pipeline.py', '--cfg-path', '/tmp/tmp1mc5iyhq']
[2026-07-20T09:39:57.385+0000] {standard_task_runner.py:91} INFO - Job 23: Subtask extract_market_coin_data
[2026-07-20T09:39:57.393+0000] {logging_mixin.py:188} WARNING - /home/***/.local/lib/python3.12/site-packages/***/task/task_runner/standard_task_runner.py:62 DeprecationWarning: This process (pid=279) is multi-threaded, use of fork() may lead to deadlocks in the child.
[2026-07-20T09:39:57.395+0000] {standard_task_runner.py:64} INFO - Started process 280 to run task
[2026-07-20T09:39:57.693+0000] {task_command.py:426} INFO - Running <TaskInstance: coinflow_daily_pipeline.extract_market_coin_data scheduled__2026-07-19T06:00:00+00:00 [running]> on host 9a2048ced7b6
[2026-07-20T09:39:58.098+0000] {taskinstance.py:2648} INFO - Exporting env vars: AIRFLOW_CTX_DAG_OWNER='***' AIRFLOW_CTX_DAG_ID='coinflow_daily_pipeline' AIRFLOW_CTX_TASK_ID='extract_market_coin_data' AIRFLOW_CTX_EXECUTION_DATE='2026-07-19T06:00:00+00:00' AIRFLOW_CTX_TRY_NUMBER='4' AIRFLOW_CTX_DAG_RUN_ID='scheduled__2026-07-19T06:00:00+00:00'
[2026-07-20T09:39:58.100+0000] {taskinstance.py:430} INFO - ::endgroup::
[2026-07-20T09:39:58.175+0000] {subprocess.py:63} INFO - Tmp dir root location: /tmp
[2026-07-20T09:39:58.177+0000] {subprocess.py:75} INFO - Running command: ['/usr/bin/bash', '-c', 'python /opt/***/scripts/ingest_coin_markets.py']
[2026-07-20T09:39:58.194+0000] {subprocess.py:86} INFO - Output:
[2026-07-20T09:40:00.369+0000] {subprocess.py:93} INFO - Database error: connection to server at "database" (172.18.0.3), port 5434 failed: Connection refused
[2026-07-20T09:40:00.371+0000] {subprocess.py:93} INFO - 	Is the server running on that host and accepting TCP/IP connections?
[2026-07-20T09:40:00.384+0000] {subprocess.py:93} INFO - 
[2026-07-20T09:40:00.387+0000] {subprocess.py:93} INFO - Starting coin markets ingestion...
[2026-07-20T09:40:00.475+0000] {subprocess.py:97} INFO - Command exited with return code 1
[2026-07-20T09:40:00.477+0000] {taskinstance.py:441} INFO - ::group::Post task execution logs
[2026-07-20T09:40:00.506+0000] {taskinstance.py:2905} ERROR - Task failed with exception
Traceback (most recent call last):
  File "/home/airflow/.local/lib/python3.12/site-packages/airflow/models/taskinstance.py", line 465, in _execute_task
    result = _execute_callable(context=context, **execute_callable_kwargs)
             ^^^^^^^^^^^^^^^^^^^^^^^^^^^^^^^^^^^^^^^^^^^^^^^^^^^^^^^^^^^^^
  File "/home/airflow/.local/lib/python3.12/site-packages/airflow/models/taskinstance.py", line 432, in _execute_callable
    return execute_callable(context=context, **execute_callable_kwargs)
           ^^^^^^^^^^^^^^^^^^^^^^^^^^^^^^^^^^^^^^^^^^^^^^^^^^^^^^^^^^^^
  File "/home/airflow/.local/lib/python3.12/site-packages/airflow/models/baseoperator.py", line 401, in wrapper
    return func(self, *args, **kwargs)
           ^^^^^^^^^^^^^^^^^^^^^^^^^^^
  File "/home/airflow/.local/lib/python3.12/site-packages/airflow/operators/bash.py", line 243, in execute
    raise AirflowException(
airflow.exceptions.AirflowException: Bash command failed. The command returned a non-zero exit code 1.
[2026-07-20T09:40:00.515+0000] {taskinstance.py:1206} INFO - Marking task as FAILED. dag_id=coinflow_daily_pipeline, task_id=extract_market_coin_data, run_id=scheduled__2026-07-19T06:00:00+00:00, execution_date=20260719T060000, start_date=20260720T093957, end_date=20260720T094000
[2026-07-20T09:40:00.604+0000] {standard_task_runner.py:110} ERROR - Failed to execute job 23 for task extract_market_coin_data (Bash command failed. The command returned a non-zero exit code 1.; 280)
[2026-07-20T09:40:00.649+0000] {local_task_job_runner.py:243} INFO - Task exited with return code 1
[2026-07-20T09:40:00.725+0000] {taskinstance.py:3503} INFO - 0 downstream tasks scheduled from follow-on schedule check
[2026-07-20T09:40:00.781+0000] {local_task_job_runner.py:222} INFO - ::endgroup::
