[2026-07-21T08:11:37.969+0000] {local_task_job_runner.py:120} INFO - ::group::Pre task execution logs
[2026-07-21T08:11:38.087+0000] {taskinstance.py:2076} INFO - Dependencies all met for dep_context=non-requeueable deps ti=<TaskInstance: coinflow_daily_pipeline.extract_coin_categories_data scheduled__2026-07-20T06:00:00+00:00 [queued]>
[2026-07-21T08:11:38.104+0000] {taskinstance.py:2076} INFO - Dependencies all met for dep_context=requeueable deps ti=<TaskInstance: coinflow_daily_pipeline.extract_coin_categories_data scheduled__2026-07-20T06:00:00+00:00 [queued]>
[2026-07-21T08:11:38.164+0000] {taskinstance.py:2306} INFO - Starting attempt 4 of 4
[2026-07-21T08:11:38.271+0000] {taskinstance.py:2330} INFO - Executing <Task(BashOperator): extract_coin_categories_data> on 2026-07-20 06:00:00+00:00
[2026-07-21T08:11:38.302+0000] {standard_task_runner.py:90} INFO - Running: ['***', 'tasks', 'run', 'coinflow_daily_pipeline', 'extract_coin_categories_data', 'scheduled__2026-07-20T06:00:00+00:00', '--job-id', '11', '--raw', '--subdir', 'DAGS_FOLDER/coinflow_daily_pipeline.py', '--cfg-path', '/tmp/tmpty25cy2s']
[2026-07-21T08:11:38.313+0000] {standard_task_runner.py:91} INFO - Job 11: Subtask extract_coin_categories_data
[2026-07-21T08:11:38.320+0000] {logging_mixin.py:188} WARNING - /home/***/.local/lib/python3.12/site-packages/***/task/task_runner/standard_task_runner.py:62 DeprecationWarning: This process (pid=2828) is multi-threaded, use of fork() may lead to deadlocks in the child.
[2026-07-21T08:11:38.323+0000] {standard_task_runner.py:64} INFO - Started process 2829 to run task
[2026-07-21T08:11:38.542+0000] {task_command.py:426} INFO - Running <TaskInstance: coinflow_daily_pipeline.extract_coin_categories_data scheduled__2026-07-20T06:00:00+00:00 [running]> on host ee8816a37129
[2026-07-21T08:11:38.835+0000] {taskinstance.py:2648} INFO - Exporting env vars: AIRFLOW_CTX_DAG_OWNER='***' AIRFLOW_CTX_DAG_ID='coinflow_daily_pipeline' AIRFLOW_CTX_TASK_ID='extract_coin_categories_data' AIRFLOW_CTX_EXECUTION_DATE='2026-07-20T06:00:00+00:00' AIRFLOW_CTX_TRY_NUMBER='4' AIRFLOW_CTX_DAG_RUN_ID='scheduled__2026-07-20T06:00:00+00:00'
[2026-07-21T08:11:38.838+0000] {taskinstance.py:430} INFO - ::endgroup::
[2026-07-21T08:11:38.879+0000] {subprocess.py:63} INFO - Tmp dir root location: /tmp
[2026-07-21T08:11:38.982+0000] {subprocess.py:75} INFO - Running command: ['/usr/bin/bash', '-c', 'python /opt/***/scripts/ingest_coin_categories.py']
[2026-07-21T08:11:39.004+0000] {subprocess.py:86} INFO - Output:
[2026-07-21T08:11:40.782+0000] {subprocess.py:93} INFO - Traceback (most recent call last):
[2026-07-21T08:11:40.784+0000] {subprocess.py:93} INFO -   File "/opt/***/scripts/ingest_coin_categories.py", line 239, in <module>
[2026-07-21T08:11:40.791+0000] {subprocess.py:93} INFO -     main()
[2026-07-21T08:11:40.797+0000] {subprocess.py:93} INFO -   File "/opt/***/scripts/ingest_coin_categories.py", line 223, in main
[2026-07-21T08:11:40.822+0000] {subprocess.py:93} INFO -     delay_sec = _request_delay_sec()
[2026-07-21T08:11:40.826+0000] {subprocess.py:93} INFO -                 ^^^^^^^^^^^^^^^^^^^^
[2026-07-21T08:11:40.829+0000] {subprocess.py:93} INFO -   File "/opt/***/scripts/ingest_coin_categories.py", line 51, in _request_delay_sec
[2026-07-21T08:11:40.836+0000] {subprocess.py:93} INFO -     raw = float(os.getenv("API_DELAY_SECONDS", "").strip())
[2026-07-21T08:11:40.837+0000] {subprocess.py:93} INFO -           ^^^^^^^^^^^^^^^^^^^^^^^^^^^^^^^^^^^^^^^^^^^^^^^^^
[2026-07-21T08:11:40.838+0000] {subprocess.py:93} INFO - ValueError: could not convert string to float: ''
[2026-07-21T08:11:40.920+0000] {subprocess.py:97} INFO - Command exited with return code 1
[2026-07-21T08:11:40.922+0000] {taskinstance.py:441} INFO - ::group::Post task execution logs
[2026-07-21T08:11:40.949+0000] {taskinstance.py:2905} ERROR - Task failed with exception
Traceback (most recent call last):
  File "/home/airflow/.local/lib/python3.12/site-packages/airflow/models/taskinstance.py", line 465, in _execute_task
    result = _execute_callable(context=context, **execute_callable_kwargs)
             ^^^^^^^^^^^^^^^^^^^^^^^^^^^^^^^^^^^^^^^^^^^^^^^^^^^^^^^^^^^^^
  File "/home/airflow/.local/lib/python3.12/site-packages/airflow/models/taskinstance.py", line 432, in _execute_callable
    return execute_callable(context=context, **execute_callable_kwargs)
           ^^^^^^^^^^^^^^^^^^^^^^^^^^^^^^^^^^^^^^^^^^^^^^^^^^^^^^^^^^^^
  File "/home/airflow/.local/lib/python3.12/site-packages/airflow/models/baseoperator.py", line 401, in wrapper
    return func(self, *args, **kwargs)
           ^^^^^^^^^^^^^^^^^^^^^^^^^^^
  File "/home/airflow/.local/lib/python3.12/site-packages/airflow/operators/bash.py", line 243, in execute
    raise AirflowException(
airflow.exceptions.AirflowException: Bash command failed. The command returned a non-zero exit code 1.
[2026-07-21T08:11:40.957+0000] {taskinstance.py:1206} INFO - Marking task as FAILED. dag_id=coinflow_daily_pipeline, task_id=extract_coin_categories_data, run_id=scheduled__2026-07-20T06:00:00+00:00, execution_date=20260720T060000, start_date=20260721T081138, end_date=20260721T081140
[2026-07-21T08:11:41.210+0000] {standard_task_runner.py:110} ERROR - Failed to execute job 11 for task extract_coin_categories_data (Bash command failed. The command returned a non-zero exit code 1.; 2829)
[2026-07-21T08:11:41.249+0000] {local_task_job_runner.py:243} INFO - Task exited with return code 1
[2026-07-21T08:11:41.314+0000] {taskinstance.py:3503} INFO - 0 downstream tasks scheduled from follow-on schedule check
[2026-07-21T08:11:41.400+0000] {local_task_job_runner.py:222} INFO - ::endgroup::
