[2026-07-21T08:06:27.394+0000] {local_task_job_runner.py:120} INFO - ::group::Pre task execution logs
[2026-07-21T08:06:27.564+0000] {taskinstance.py:2076} INFO - Dependencies all met for dep_context=non-requeueable deps ti=<TaskInstance: coinflow_daily_pipeline.extract_coin_categories_data scheduled__2026-07-20T06:00:00+00:00 [queued]>
[2026-07-21T08:06:27.590+0000] {taskinstance.py:2076} INFO - Dependencies all met for dep_context=requeueable deps ti=<TaskInstance: coinflow_daily_pipeline.extract_coin_categories_data scheduled__2026-07-20T06:00:00+00:00 [queued]>
[2026-07-21T08:06:27.642+0000] {taskinstance.py:2306} INFO - Starting attempt 3 of 4
[2026-07-21T08:06:27.797+0000] {taskinstance.py:2330} INFO - Executing <Task(BashOperator): extract_coin_categories_data> on 2026-07-20 06:00:00+00:00
[2026-07-21T08:06:27.815+0000] {standard_task_runner.py:90} INFO - Running: ['***', 'tasks', 'run', 'coinflow_daily_pipeline', 'extract_coin_categories_data', 'scheduled__2026-07-20T06:00:00+00:00', '--job-id', '10', '--raw', '--subdir', 'DAGS_FOLDER/coinflow_daily_pipeline.py', '--cfg-path', '/tmp/tmpp1er_tza']
[2026-07-21T08:06:27.821+0000] {standard_task_runner.py:91} INFO - Job 10: Subtask extract_coin_categories_data
[2026-07-21T08:06:27.825+0000] {logging_mixin.py:188} WARNING - /home/***/.local/lib/python3.12/site-packages/***/task/task_runner/standard_task_runner.py:62 DeprecationWarning: This process (pid=2708) is multi-threaded, use of fork() may lead to deadlocks in the child.
[2026-07-21T08:06:27.827+0000] {standard_task_runner.py:64} INFO - Started process 2715 to run task
[2026-07-21T08:06:28.123+0000] {task_command.py:426} INFO - Running <TaskInstance: coinflow_daily_pipeline.extract_coin_categories_data scheduled__2026-07-20T06:00:00+00:00 [running]> on host ee8816a37129
[2026-07-21T08:06:28.497+0000] {taskinstance.py:2648} INFO - Exporting env vars: AIRFLOW_CTX_DAG_OWNER='***' AIRFLOW_CTX_DAG_ID='coinflow_daily_pipeline' AIRFLOW_CTX_TASK_ID='extract_coin_categories_data' AIRFLOW_CTX_EXECUTION_DATE='2026-07-20T06:00:00+00:00' AIRFLOW_CTX_TRY_NUMBER='3' AIRFLOW_CTX_DAG_RUN_ID='scheduled__2026-07-20T06:00:00+00:00'
[2026-07-21T08:06:28.499+0000] {taskinstance.py:430} INFO - ::endgroup::
[2026-07-21T08:06:28.539+0000] {subprocess.py:63} INFO - Tmp dir root location: /tmp
[2026-07-21T08:06:28.541+0000] {subprocess.py:75} INFO - Running command: ['/usr/bin/bash', '-c', 'python /opt/***/scripts/ingest_coin_categories.py']
[2026-07-21T08:06:28.559+0000] {subprocess.py:86} INFO - Output:
[2026-07-21T08:06:31.087+0000] {subprocess.py:93} INFO - Traceback (most recent call last):
[2026-07-21T08:06:31.088+0000] {subprocess.py:93} INFO -   File "/opt/***/scripts/ingest_coin_categories.py", line 239, in <module>
[2026-07-21T08:06:31.092+0000] {subprocess.py:93} INFO -     main()
[2026-07-21T08:06:31.094+0000] {subprocess.py:93} INFO -   File "/opt/***/scripts/ingest_coin_categories.py", line 223, in main
[2026-07-21T08:06:31.098+0000] {subprocess.py:93} INFO -     delay_sec = _request_delay_sec()
[2026-07-21T08:06:31.099+0000] {subprocess.py:93} INFO -                 ^^^^^^^^^^^^^^^^^^^^
[2026-07-21T08:06:31.100+0000] {subprocess.py:93} INFO -   File "/opt/***/scripts/ingest_coin_categories.py", line 51, in _request_delay_sec
[2026-07-21T08:06:31.102+0000] {subprocess.py:93} INFO -     raw = float(os.getenv("API_DELAY_SECONDS", "").strip())
[2026-07-21T08:06:31.103+0000] {subprocess.py:93} INFO -           ^^^^^^^^^^^^^^^^^^^^^^^^^^^^^^^^^^^^^^^^^^^^^^^^^
[2026-07-21T08:06:31.104+0000] {subprocess.py:93} INFO - ValueError: could not convert string to float: ''
[2026-07-21T08:06:31.153+0000] {subprocess.py:97} INFO - Command exited with return code 1
[2026-07-21T08:06:31.155+0000] {taskinstance.py:441} INFO - ::group::Post task execution logs
[2026-07-21T08:06:31.179+0000] {taskinstance.py:2905} ERROR - Task failed with exception
Traceback (most recent call last):
  File "/home/airflow/.local/lib/python3.12/site-packages/airflow/models/taskinstance.py", line 465, in _execute_task
    result = _execute_callable(context=context, **execute_callable_kwargs)
             ^^^^^^^^^^^^^^^^^^^^^^^^^^^^^^^^^^^^^^^^^^^^^^^^^^^^^^^^^^^^^
  File "/home/airflow/.local/lib/python3.12/site-packages/airflow/models/taskinstance.py", line 432, in _execute_callable
    return execute_callable(context=context, **execute_callable_kwargs)
           ^^^^^^^^^^^^^^^^^^^^^^^^^^^^^^^^^^^^^^^^^^^^^^^^^^^^^^^^^^^^
  File "/home/airflow/.local/lib/python3.12/site-packages/airflow/models/baseoperator.py", line 401, in wrapper
    return func(self, *args, **kwargs)
           ^^^^^^^^^^^^^^^^^^^^^^^^^^^
  File "/home/airflow/.local/lib/python3.12/site-packages/airflow/operators/bash.py", line 243, in execute
    raise AirflowException(
airflow.exceptions.AirflowException: Bash command failed. The command returned a non-zero exit code 1.
[2026-07-21T08:06:31.186+0000] {taskinstance.py:1206} INFO - Marking task as UP_FOR_RETRY. dag_id=coinflow_daily_pipeline, task_id=extract_coin_categories_data, run_id=scheduled__2026-07-20T06:00:00+00:00, execution_date=20260720T060000, start_date=20260721T080627, end_date=20260721T080631
[2026-07-21T08:06:31.376+0000] {standard_task_runner.py:110} ERROR - Failed to execute job 10 for task extract_coin_categories_data (Bash command failed. The command returned a non-zero exit code 1.; 2715)
[2026-07-21T08:06:31.419+0000] {local_task_job_runner.py:243} INFO - Task exited with return code 1
[2026-07-21T08:06:31.493+0000] {taskinstance.py:3503} INFO - 0 downstream tasks scheduled from follow-on schedule check
[2026-07-21T08:06:31.568+0000] {local_task_job_runner.py:222} INFO - ::endgroup::
