[2026-07-17T09:56:11.380+0000] {local_task_job_runner.py:120} INFO - ::group::Pre task execution logs
[2026-07-17T09:56:11.459+0000] {taskinstance.py:2076} INFO - Dependencies all met for dep_context=non-requeueable deps ti=<TaskInstance: coinflow_daily_pipeline.extract_market_coin_data scheduled__2026-07-16T06:00:00+00:00 [queued]>
[2026-07-17T09:56:11.478+0000] {taskinstance.py:2076} INFO - Dependencies all met for dep_context=requeueable deps ti=<TaskInstance: coinflow_daily_pipeline.extract_market_coin_data scheduled__2026-07-16T06:00:00+00:00 [queued]>
[2026-07-17T09:56:11.487+0000] {taskinstance.py:2306} INFO - Starting attempt 4 of 4
[2026-07-17T09:56:11.636+0000] {taskinstance.py:2330} INFO - Executing <Task(BashOperator): extract_market_coin_data> on 2026-07-16 06:00:00+00:00
[2026-07-17T09:56:11.651+0000] {standard_task_runner.py:90} INFO - Running: ['***', 'tasks', 'run', 'coinflow_daily_pipeline', 'extract_market_coin_data', 'scheduled__2026-07-16T06:00:00+00:00', '--job-id', '15', '--raw', '--subdir', 'DAGS_FOLDER/coinflow_daily_pipeline.py', '--cfg-path', '/tmp/tmpfg6s0miw']
[2026-07-17T09:56:11.656+0000] {standard_task_runner.py:91} INFO - Job 15: Subtask extract_market_coin_data
[2026-07-17T09:56:11.659+0000] {logging_mixin.py:188} WARNING - /home/***/.local/lib/python3.12/site-packages/***/task/task_runner/standard_task_runner.py:62 DeprecationWarning: This process (pid=1030) is multi-threaded, use of fork() may lead to deadlocks in the child.
[2026-07-17T09:56:11.661+0000] {standard_task_runner.py:64} INFO - Started process 1031 to run task
[2026-07-17T09:56:11.873+0000] {task_command.py:426} INFO - Running <TaskInstance: coinflow_daily_pipeline.extract_market_coin_data scheduled__2026-07-16T06:00:00+00:00 [running]> on host e6f196e4128e
[2026-07-17T09:56:12.250+0000] {taskinstance.py:2648} INFO - Exporting env vars: AIRFLOW_CTX_DAG_OWNER='***' AIRFLOW_CTX_DAG_ID='coinflow_daily_pipeline' AIRFLOW_CTX_TASK_ID='extract_market_coin_data' AIRFLOW_CTX_EXECUTION_DATE='2026-07-16T06:00:00+00:00' AIRFLOW_CTX_TRY_NUMBER='4' AIRFLOW_CTX_DAG_RUN_ID='scheduled__2026-07-16T06:00:00+00:00'
[2026-07-17T09:56:12.253+0000] {taskinstance.py:430} INFO - ::endgroup::
[2026-07-17T09:56:12.313+0000] {subprocess.py:63} INFO - Tmp dir root location: /tmp
[2026-07-17T09:56:12.319+0000] {subprocess.py:75} INFO - Running command: ['/usr/bin/bash', '-c', 'python /opt/***/scripts/ingest_coin_markets.py']
[2026-07-17T09:56:12.337+0000] {subprocess.py:86} INFO - Output:
[2026-07-17T09:56:12.508+0000] {subprocess.py:93} INFO - python: can't open file '/opt/***/scripts/ingest_coin_markets.py': [Errno 2] No such file or directory
[2026-07-17T09:56:12.519+0000] {subprocess.py:97} INFO - Command exited with return code 2
[2026-07-17T09:56:12.521+0000] {taskinstance.py:441} INFO - ::group::Post task execution logs
[2026-07-17T09:56:12.557+0000] {taskinstance.py:2905} ERROR - Task failed with exception
Traceback (most recent call last):
  File "/home/airflow/.local/lib/python3.12/site-packages/airflow/models/taskinstance.py", line 465, in _execute_task
    result = _execute_callable(context=context, **execute_callable_kwargs)
             ^^^^^^^^^^^^^^^^^^^^^^^^^^^^^^^^^^^^^^^^^^^^^^^^^^^^^^^^^^^^^
  File "/home/airflow/.local/lib/python3.12/site-packages/airflow/models/taskinstance.py", line 432, in _execute_callable
    return execute_callable(context=context, **execute_callable_kwargs)
           ^^^^^^^^^^^^^^^^^^^^^^^^^^^^^^^^^^^^^^^^^^^^^^^^^^^^^^^^^^^^
  File "/home/airflow/.local/lib/python3.12/site-packages/airflow/models/baseoperator.py", line 401, in wrapper
    return func(self, *args, **kwargs)
           ^^^^^^^^^^^^^^^^^^^^^^^^^^^
  File "/home/airflow/.local/lib/python3.12/site-packages/airflow/operators/bash.py", line 243, in execute
    raise AirflowException(
airflow.exceptions.AirflowException: Bash command failed. The command returned a non-zero exit code 2.
[2026-07-17T09:56:12.567+0000] {taskinstance.py:1206} INFO - Marking task as FAILED. dag_id=coinflow_daily_pipeline, task_id=extract_market_coin_data, run_id=scheduled__2026-07-16T06:00:00+00:00, execution_date=20260716T060000, start_date=20260717T095611, end_date=20260717T095612
[2026-07-17T09:56:12.696+0000] {standard_task_runner.py:110} ERROR - Failed to execute job 15 for task extract_market_coin_data (Bash command failed. The command returned a non-zero exit code 2.; 1031)
[2026-07-17T09:56:12.744+0000] {local_task_job_runner.py:243} INFO - Task exited with return code 1
[2026-07-17T09:56:12.854+0000] {taskinstance.py:3503} INFO - 0 downstream tasks scheduled from follow-on schedule check
[2026-07-17T09:56:12.988+0000] {local_task_job_runner.py:222} INFO - ::endgroup::
