[2026-07-17T09:40:11.628+0000] {local_task_job_runner.py:120} INFO - ::group::Pre task execution logs
[2026-07-17T09:40:12.284+0000] {taskinstance.py:2076} INFO - Dependencies all met for dep_context=non-requeueable deps ti=<TaskInstance: coinflow_daily_pipeline.extract_market_coin_data scheduled__2026-07-16T06:00:00+00:00 [queued]>
[2026-07-17T09:40:12.379+0000] {taskinstance.py:2076} INFO - Dependencies all met for dep_context=requeueable deps ti=<TaskInstance: coinflow_daily_pipeline.extract_market_coin_data scheduled__2026-07-16T06:00:00+00:00 [queued]>
[2026-07-17T09:40:12.629+0000] {taskinstance.py:2306} INFO - Starting attempt 1 of 4
[2026-07-17T09:40:14.052+0000] {taskinstance.py:2330} INFO - Executing <Task(BashOperator): extract_market_coin_data> on 2026-07-16 06:00:00+00:00
[2026-07-17T09:40:14.071+0000] {standard_task_runner.py:90} INFO - Running: ['***', 'tasks', 'run', 'coinflow_daily_pipeline', 'extract_market_coin_data', 'scheduled__2026-07-16T06:00:00+00:00', '--job-id', '8', '--raw', '--subdir', 'DAGS_FOLDER/coinflow_daily_pipeline.py', '--cfg-path', '/tmp/tmpfpl905ez']
[2026-07-17T09:40:14.077+0000] {standard_task_runner.py:91} INFO - Job 8: Subtask extract_market_coin_data
[2026-07-17T09:40:14.082+0000] {logging_mixin.py:188} WARNING - /home/***/.local/lib/python3.12/site-packages/***/task/task_runner/standard_task_runner.py:62 DeprecationWarning: This process (pid=671) is multi-threaded, use of fork() may lead to deadlocks in the child.
[2026-07-17T09:40:14.084+0000] {standard_task_runner.py:64} INFO - Started process 672 to run task
[2026-07-17T09:40:15.414+0000] {task_command.py:426} INFO - Running <TaskInstance: coinflow_daily_pipeline.extract_market_coin_data scheduled__2026-07-16T06:00:00+00:00 [running]> on host e6f196e4128e
[2026-07-17T09:40:17.736+0000] {taskinstance.py:2648} INFO - Exporting env vars: AIRFLOW_CTX_DAG_OWNER='***' AIRFLOW_CTX_DAG_ID='coinflow_daily_pipeline' AIRFLOW_CTX_TASK_ID='extract_market_coin_data' AIRFLOW_CTX_EXECUTION_DATE='2026-07-16T06:00:00+00:00' AIRFLOW_CTX_TRY_NUMBER='1' AIRFLOW_CTX_DAG_RUN_ID='scheduled__2026-07-16T06:00:00+00:00'
[2026-07-17T09:40:17.738+0000] {taskinstance.py:430} INFO - ::endgroup::
[2026-07-17T09:40:17.775+0000] {subprocess.py:63} INFO - Tmp dir root location: /tmp
[2026-07-17T09:40:17.777+0000] {subprocess.py:75} INFO - Running command: ['/usr/bin/bash', '-c', 'python /opt/***/scripts/ingest_coin_markets.py']
[2026-07-17T09:40:18.339+0000] {subprocess.py:86} INFO - Output:
[2026-07-17T09:40:19.513+0000] {subprocess.py:93} INFO - python: can't open file '/opt/***/scripts/ingest_coin_markets.py': [Errno 2] No such file or directory
[2026-07-17T09:40:19.849+0000] {subprocess.py:97} INFO - Command exited with return code 2
[2026-07-17T09:40:19.852+0000] {taskinstance.py:441} INFO - ::group::Post task execution logs
[2026-07-17T09:40:19.881+0000] {taskinstance.py:2905} ERROR - Task failed with exception
Traceback (most recent call last):
  File "/home/airflow/.local/lib/python3.12/site-packages/airflow/models/taskinstance.py", line 465, in _execute_task
    result = _execute_callable(context=context, **execute_callable_kwargs)
             ^^^^^^^^^^^^^^^^^^^^^^^^^^^^^^^^^^^^^^^^^^^^^^^^^^^^^^^^^^^^^
  File "/home/airflow/.local/lib/python3.12/site-packages/airflow/models/taskinstance.py", line 432, in _execute_callable
    return execute_callable(context=context, **execute_callable_kwargs)
           ^^^^^^^^^^^^^^^^^^^^^^^^^^^^^^^^^^^^^^^^^^^^^^^^^^^^^^^^^^^^
  File "/home/airflow/.local/lib/python3.12/site-packages/airflow/models/baseoperator.py", line 401, in wrapper
    return func(self, *args, **kwargs)
           ^^^^^^^^^^^^^^^^^^^^^^^^^^^
  File "/home/airflow/.local/lib/python3.12/site-packages/airflow/operators/bash.py", line 243, in execute
    raise AirflowException(
airflow.exceptions.AirflowException: Bash command failed. The command returned a non-zero exit code 2.
[2026-07-17T09:40:19.897+0000] {taskinstance.py:1206} INFO - Marking task as UP_FOR_RETRY. dag_id=coinflow_daily_pipeline, task_id=extract_market_coin_data, run_id=scheduled__2026-07-16T06:00:00+00:00, execution_date=20260716T060000, start_date=20260717T094012, end_date=20260717T094019
[2026-07-17T09:40:21.214+0000] {standard_task_runner.py:110} ERROR - Failed to execute job 8 for task extract_market_coin_data (Bash command failed. The command returned a non-zero exit code 2.; 672)
[2026-07-17T09:40:21.252+0000] {local_task_job_runner.py:243} INFO - Task exited with return code 1
[2026-07-17T09:40:21.359+0000] {taskinstance.py:3503} INFO - 0 downstream tasks scheduled from follow-on schedule check
[2026-07-17T09:40:22.181+0000] {local_task_job_runner.py:222} INFO - ::endgroup::
