[2026-07-17T09:41:27.393+0000] {local_task_job_runner.py:120} INFO - ::group::Pre task execution logs
[2026-07-17T09:41:27.510+0000] {taskinstance.py:2076} INFO - Dependencies all met for dep_context=non-requeueable deps ti=<TaskInstance: coinflow_daily_pipeline.extract_market_coin_data scheduled__2026-07-16T00:00:00+00:00 [queued]>
[2026-07-17T09:41:27.535+0000] {taskinstance.py:2076} INFO - Dependencies all met for dep_context=requeueable deps ti=<TaskInstance: coinflow_daily_pipeline.extract_market_coin_data scheduled__2026-07-16T00:00:00+00:00 [queued]>
[2026-07-17T09:41:27.537+0000] {taskinstance.py:2306} INFO - Starting attempt 3 of 4
[2026-07-17T09:41:27.812+0000] {taskinstance.py:2330} INFO - Executing <Task(BashOperator): extract_market_coin_data> on 2026-07-16 00:00:00+00:00
[2026-07-17T09:41:28.120+0000] {standard_task_runner.py:90} INFO - Running: ['***', 'tasks', 'run', 'coinflow_daily_pipeline', 'extract_market_coin_data', 'scheduled__2026-07-16T00:00:00+00:00', '--job-id', '9', '--raw', '--subdir', 'DAGS_FOLDER/coinflow_daily_pipeline.py', '--cfg-path', '/tmp/tmp9mcvryov']
[2026-07-17T09:41:28.867+0000] {standard_task_runner.py:91} INFO - Job 9: Subtask extract_market_coin_data
[2026-07-17T09:41:28.729+0000] {logging_mixin.py:188} WARNING - /home/***/.local/lib/python3.12/site-packages/***/task/task_runner/standard_task_runner.py:62 DeprecationWarning: This process (pid=702) is multi-threaded, use of fork() may lead to deadlocks in the child.
[2026-07-17T09:41:29.091+0000] {standard_task_runner.py:64} INFO - Started process 705 to run task
[2026-07-17T09:41:35.490+0000] {task_command.py:426} INFO - Running <TaskInstance: coinflow_daily_pipeline.extract_market_coin_data scheduled__2026-07-16T00:00:00+00:00 [running]> on host e6f196e4128e
[2026-07-17T09:41:41.884+0000] {taskinstance.py:2648} INFO - Exporting env vars: AIRFLOW_CTX_DAG_OWNER='***' AIRFLOW_CTX_DAG_ID='coinflow_daily_pipeline' AIRFLOW_CTX_TASK_ID='extract_market_coin_data' AIRFLOW_CTX_EXECUTION_DATE='2026-07-16T00:00:00+00:00' AIRFLOW_CTX_TRY_NUMBER='3' AIRFLOW_CTX_DAG_RUN_ID='scheduled__2026-07-16T00:00:00+00:00'
[2026-07-17T09:41:42.148+0000] {taskinstance.py:430} INFO - ::endgroup::
[2026-07-17T09:41:44.181+0000] {subprocess.py:63} INFO - Tmp dir root location: /tmp
[2026-07-17T09:41:45.559+0000] {subprocess.py:75} INFO - Running command: ['/usr/bin/bash', '-c', 'python /opt/***/scripts/ingest_coin_markets.py']
[2026-07-17T09:41:47.656+0000] {subprocess.py:86} INFO - Output:
[2026-07-17T09:41:51.792+0000] {subprocess.py:93} INFO - python: can't open file '/opt/***/scripts/ingest_coin_markets.py': [Errno 2] No such file or directory
[2026-07-17T09:41:51.820+0000] {subprocess.py:97} INFO - Command exited with return code 2
[2026-07-17T09:41:52.763+0000] {taskinstance.py:441} INFO - ::group::Post task execution logs
[2026-07-17T09:41:54.289+0000] {taskinstance.py:2905} ERROR - Task failed with exception
Traceback (most recent call last):
  File "/home/airflow/.local/lib/python3.12/site-packages/airflow/models/taskinstance.py", line 465, in _execute_task
    result = _execute_callable(context=context, **execute_callable_kwargs)
             ^^^^^^^^^^^^^^^^^^^^^^^^^^^^^^^^^^^^^^^^^^^^^^^^^^^^^^^^^^^^^
  File "/home/airflow/.local/lib/python3.12/site-packages/airflow/models/taskinstance.py", line 432, in _execute_callable
    return execute_callable(context=context, **execute_callable_kwargs)
           ^^^^^^^^^^^^^^^^^^^^^^^^^^^^^^^^^^^^^^^^^^^^^^^^^^^^^^^^^^^^
  File "/home/airflow/.local/lib/python3.12/site-packages/airflow/models/baseoperator.py", line 401, in wrapper
    return func(self, *args, **kwargs)
           ^^^^^^^^^^^^^^^^^^^^^^^^^^^
  File "/home/airflow/.local/lib/python3.12/site-packages/airflow/operators/bash.py", line 243, in execute
    raise AirflowException(
airflow.exceptions.AirflowException: Bash command failed. The command returned a non-zero exit code 2.
[2026-07-17T09:41:55.893+0000] {taskinstance.py:1206} INFO - Marking task as UP_FOR_RETRY. dag_id=coinflow_daily_pipeline, task_id=extract_market_coin_data, run_id=scheduled__2026-07-16T00:00:00+00:00, execution_date=20260716T000000, start_date=20260717T094127, end_date=20260717T094155
[2026-07-17T09:41:56.382+0000] {standard_task_runner.py:110} ERROR - Failed to execute job 9 for task extract_market_coin_data (Bash command failed. The command returned a non-zero exit code 2.; 705)
[2026-07-17T09:41:56.434+0000] {local_task_job_runner.py:243} INFO - Task exited with return code 1
[2026-07-17T09:41:56.535+0000] {taskinstance.py:3503} INFO - 0 downstream tasks scheduled from follow-on schedule check
[2026-07-17T09:41:56.799+0000] {local_task_job_runner.py:222} INFO - ::endgroup::
