[2026-07-17T09:41:27.383+0000] {local_task_job_runner.py:120} INFO - ::group::Pre task execution logs
[2026-07-17T09:41:27.501+0000] {taskinstance.py:2076} INFO - Dependencies all met for dep_context=non-requeueable deps ti=<TaskInstance: coinflow_daily_pipeline.extract_market_coin_data manual__2026-07-17T09:31:02.414684+00:00 [queued]>
[2026-07-17T09:41:27.522+0000] {taskinstance.py:2076} INFO - Dependencies all met for dep_context=requeueable deps ti=<TaskInstance: coinflow_daily_pipeline.extract_market_coin_data manual__2026-07-17T09:31:02.414684+00:00 [queued]>
[2026-07-17T09:41:27.527+0000] {taskinstance.py:2306} INFO - Starting attempt 3 of 4
[2026-07-17T09:41:27.708+0000] {taskinstance.py:2330} INFO - Executing <Task(BashOperator): extract_market_coin_data> on 2026-07-17 09:31:02.414684+00:00
[2026-07-17T09:41:27.726+0000] {standard_task_runner.py:90} INFO - Running: ['***', 'tasks', 'run', 'coinflow_daily_pipeline', 'extract_market_coin_data', 'manual__2026-07-17T09:31:02.414684+00:00', '--job-id', '10', '--raw', '--subdir', 'DAGS_FOLDER/coinflow_daily_pipeline.py', '--cfg-path', '/tmp/tmp0hf9d2rk']
[2026-07-17T09:41:27.736+0000] {standard_task_runner.py:91} INFO - Job 10: Subtask extract_market_coin_data
[2026-07-17T09:41:27.752+0000] {logging_mixin.py:188} WARNING - /home/***/.local/lib/python3.12/site-packages/***/task/task_runner/standard_task_runner.py:62 DeprecationWarning: This process (pid=703) is multi-threaded, use of fork() may lead to deadlocks in the child.
[2026-07-17T09:41:27.755+0000] {standard_task_runner.py:64} INFO - Started process 704 to run task
[2026-07-17T09:41:34.264+0000] {task_command.py:426} INFO - Running <TaskInstance: coinflow_daily_pipeline.extract_market_coin_data manual__2026-07-17T09:31:02.414684+00:00 [running]> on host e6f196e4128e
[2026-07-17T09:41:38.831+0000] {taskinstance.py:2648} INFO - Exporting env vars: AIRFLOW_CTX_DAG_OWNER='***' AIRFLOW_CTX_DAG_ID='coinflow_daily_pipeline' AIRFLOW_CTX_TASK_ID='extract_market_coin_data' AIRFLOW_CTX_EXECUTION_DATE='2026-07-17T09:31:02.414684+00:00' AIRFLOW_CTX_TRY_NUMBER='3' AIRFLOW_CTX_DAG_RUN_ID='manual__2026-07-17T09:31:02.414684+00:00'
[2026-07-17T09:41:39.102+0000] {taskinstance.py:430} INFO - ::endgroup::
[2026-07-17T09:41:39.687+0000] {subprocess.py:63} INFO - Tmp dir root location: /tmp
[2026-07-17T09:41:40.135+0000] {subprocess.py:75} INFO - Running command: ['/usr/bin/bash', '-c', 'python /opt/***/scripts/ingest_coin_markets.py']
[2026-07-17T09:41:40.483+0000] {subprocess.py:86} INFO - Output:
[2026-07-17T09:41:54.290+0000] {subprocess.py:93} INFO - python: can't open file '/opt/***/scripts/ingest_coin_markets.py': [Errno 2] No such file or directory
[2026-07-17T09:41:54.291+0000] {subprocess.py:97} INFO - Command exited with return code 2
[2026-07-17T09:41:54.292+0000] {taskinstance.py:441} INFO - ::group::Post task execution logs
[2026-07-17T09:41:55.953+0000] {taskinstance.py:2905} ERROR - Task failed with exception
Traceback (most recent call last):
  File "/home/airflow/.local/lib/python3.12/site-packages/airflow/models/taskinstance.py", line 465, in _execute_task
    result = _execute_callable(context=context, **execute_callable_kwargs)
             ^^^^^^^^^^^^^^^^^^^^^^^^^^^^^^^^^^^^^^^^^^^^^^^^^^^^^^^^^^^^^
  File "/home/airflow/.local/lib/python3.12/site-packages/airflow/models/taskinstance.py", line 432, in _execute_callable
    return execute_callable(context=context, **execute_callable_kwargs)
           ^^^^^^^^^^^^^^^^^^^^^^^^^^^^^^^^^^^^^^^^^^^^^^^^^^^^^^^^^^^^
  File "/home/airflow/.local/lib/python3.12/site-packages/airflow/models/baseoperator.py", line 401, in wrapper
    return func(self, *args, **kwargs)
           ^^^^^^^^^^^^^^^^^^^^^^^^^^^
  File "/home/airflow/.local/lib/python3.12/site-packages/airflow/operators/bash.py", line 243, in execute
    raise AirflowException(
airflow.exceptions.AirflowException: Bash command failed. The command returned a non-zero exit code 2.
[2026-07-17T09:41:55.993+0000] {taskinstance.py:1206} INFO - Marking task as UP_FOR_RETRY. dag_id=coinflow_daily_pipeline, task_id=extract_market_coin_data, run_id=manual__2026-07-17T09:31:02.414684+00:00, execution_date=20260717T093102, start_date=20260717T094127, end_date=20260717T094155
[2026-07-17T09:41:56.630+0000] {standard_task_runner.py:110} ERROR - Failed to execute job 10 for task extract_market_coin_data (Bash command failed. The command returned a non-zero exit code 2.; 704)
[2026-07-17T09:41:56.675+0000] {local_task_job_runner.py:243} INFO - Task exited with return code 1
[2026-07-17T09:41:56.721+0000] {taskinstance.py:3503} INFO - 0 downstream tasks scheduled from follow-on schedule check
[2026-07-17T09:41:57.209+0000] {local_task_job_runner.py:222} INFO - ::endgroup::
