[2026-07-21T08:00:56.821+0000] {local_task_job_runner.py:120} INFO - ::group::Pre task execution logs
[2026-07-21T08:00:56.912+0000] {taskinstance.py:2076} INFO - Dependencies all met for dep_context=non-requeueable deps ti=<TaskInstance: coinflow_daily_pipeline.extract_coin_history_data manual__2026-07-21T07:09:19.074283+00:00 [queued]>
[2026-07-21T08:00:56.928+0000] {taskinstance.py:2076} INFO - Dependencies all met for dep_context=requeueable deps ti=<TaskInstance: coinflow_daily_pipeline.extract_coin_history_data manual__2026-07-21T07:09:19.074283+00:00 [queued]>
[2026-07-21T08:00:56.945+0000] {taskinstance.py:2306} INFO - Starting attempt 2 of 4
[2026-07-21T08:00:57.045+0000] {taskinstance.py:2330} INFO - Executing <Task(BashOperator): extract_coin_history_data> on 2026-07-21 07:09:19.074283+00:00
[2026-07-21T08:00:57.082+0000] {standard_task_runner.py:90} INFO - Running: ['***', 'tasks', 'run', 'coinflow_daily_pipeline', 'extract_coin_history_data', 'manual__2026-07-21T07:09:19.074283+00:00', '--job-id', '8', '--raw', '--subdir', 'DAGS_FOLDER/coinflow_daily_pipeline.py', '--cfg-path', '/tmp/tmp1119lx_p']
[2026-07-21T08:00:57.090+0000] {standard_task_runner.py:91} INFO - Job 8: Subtask extract_coin_history_data
[2026-07-21T08:00:57.091+0000] {logging_mixin.py:188} WARNING - /home/***/.local/lib/python3.12/site-packages/***/task/task_runner/standard_task_runner.py:62 DeprecationWarning: This process (pid=2585) is multi-threaded, use of fork() may lead to deadlocks in the child.
[2026-07-21T08:00:57.093+0000] {standard_task_runner.py:64} INFO - Started process 2586 to run task
[2026-07-21T08:00:57.253+0000] {task_command.py:426} INFO - Running <TaskInstance: coinflow_daily_pipeline.extract_coin_history_data manual__2026-07-21T07:09:19.074283+00:00 [running]> on host ee8816a37129
[2026-07-21T08:00:57.477+0000] {taskinstance.py:2648} INFO - Exporting env vars: AIRFLOW_CTX_DAG_OWNER='***' AIRFLOW_CTX_DAG_ID='coinflow_daily_pipeline' AIRFLOW_CTX_TASK_ID='extract_coin_history_data' AIRFLOW_CTX_EXECUTION_DATE='2026-07-21T07:09:19.074283+00:00' AIRFLOW_CTX_TRY_NUMBER='2' AIRFLOW_CTX_DAG_RUN_ID='manual__2026-07-21T07:09:19.074283+00:00'
[2026-07-21T08:00:57.478+0000] {taskinstance.py:430} INFO - ::endgroup::
[2026-07-21T08:00:57.504+0000] {subprocess.py:63} INFO - Tmp dir root location: /tmp
[2026-07-21T08:00:57.507+0000] {subprocess.py:75} INFO - Running command: ['/usr/bin/bash', '-c', 'python /opt/***/scripts/ingest_coin_history.py']
[2026-07-21T08:00:57.621+0000] {subprocess.py:86} INFO - Output:
[2026-07-21T08:26:40.279+0000] {subprocess.py:93} INFO - Starting coin history ingestion...
[2026-07-21T08:26:40.280+0000] {subprocess.py:93} INFO - Coins: ['bitcoin', 'ethereum', 'tether', 'binancecoin', 'usd-coin', 'ripple', 'solana', 'tron', 'figure-heloc', 'hyperliquid', 'dogecoin', 'usds', 'leo-token', 'rain', 'zcash', 'stellar', 'canton-network', 'cardano', 'monero', 'chainlink', 'whitebit-coin', 'the-open-network', 'usd1-wlfi', 'ethena-usd', 'dai', 'bitcoin-cash', 'memecore', 'hedera-hashgraph', 'labra-finance', 'litecoin', 'sui', 'hashnote-usd', 'avalanche-2', 'near-protocol', 'paypal-usd', 'shiba-inu', 'crypto-com-chain', 'tether-gold', 'global-dollar-stablecoin-gds', 'blackrock-usd-institutional-digital-liquidity-fund', 'ondo-us-dollar-yield', 'bittensor', 'pax-gold', 'ondo-finance', 'mantle', 'world-liberty-financial', 'worldcoin', 'ripple-usd', 'polkadot', 'aster-2', 'htx-dao', 'uniswap', 'okb', 'falcon-financial', 'pi-network', 'usdd', 'sky', 'bfusd', 'internet-computer', 'bitget-token', 'audiera', 'pepe', 'morpho', 'ethereum-classic', 'dexe', 'usdtb', 'eutbl', 'united-states-dollar', 'quant-network', 'blockchain-capital', 'aave', 'superstate', 'cosmos', 'siren-2', 'kaspa', 'janus-henderson-anemoy-treasury-fund', 'kucoin-shares', 'render-token', 'algorand', 'polygon-ecosystem', 'nexo', 'ethena', 'stable-2', 'venice-token', 'just', 'bianrensheng', 'gatechain-token', 'xdce-crowd', 'beldex', 'flare-network', 'filecoin', 'gho', 'injective-protocol', 'usual-usd', 'aptos', 'pump-fun', 'ylds', 'hash-2', 'midnight-3', 'jupiter-exchange'], chart_days=90
[2026-07-21T08:26:40.281+0000] {subprocess.py:93} INFO - Fetched chart for bitcoin
[2026-07-21T08:26:40.282+0000] {subprocess.py:93} INFO - Fetched chart for ethereum
[2026-07-21T08:26:40.283+0000] {subprocess.py:93} INFO - Fetched chart for tether
[2026-07-21T08:26:40.284+0000] {subprocess.py:93} INFO - Fetched chart for binancecoin
[2026-07-21T08:26:40.284+0000] {subprocess.py:93} INFO - Fetched chart for usd-coin
[2026-07-21T08:26:40.285+0000] {subprocess.py:93} INFO - Rate limited on ripple (attempt 1/5); sleeping 60s
[2026-07-21T08:26:40.287+0000] {subprocess.py:93} INFO - Rate limited on ripple (attempt 2/5); sleeping 1s
[2026-07-21T08:26:40.288+0000] {subprocess.py:93} INFO - Fetched chart for ripple
[2026-07-21T08:26:40.288+0000] {subprocess.py:93} INFO - Fetched chart for solana
[2026-07-21T08:26:40.289+0000] {subprocess.py:93} INFO - Fetched chart for tron
[2026-07-21T08:26:40.290+0000] {subprocess.py:93} INFO - Rate limited on figure-heloc (attempt 1/5); sleeping 60s
[2026-07-21T08:26:40.290+0000] {subprocess.py:93} INFO - Rate limited on figure-heloc (attempt 2/5); sleeping 1s
[2026-07-21T08:26:40.291+0000] {subprocess.py:93} INFO - Fetched chart for figure-heloc
[2026-07-21T08:26:40.291+0000] {subprocess.py:93} INFO - Fetched chart for hyperliquid
[2026-07-21T08:26:40.292+0000] {subprocess.py:93} INFO - Fetched chart for dogecoin
[2026-07-21T08:26:40.293+0000] {subprocess.py:93} INFO - Fetched chart for usds
[2026-07-21T08:26:40.294+0000] {subprocess.py:93} INFO - Fetched chart for leo-token
[2026-07-21T08:26:40.294+0000] {subprocess.py:93} INFO - Rate limited on rain (attempt 1/5); sleeping 60s
[2026-07-21T08:26:40.295+0000] {subprocess.py:93} INFO - Rate limited on rain (attempt 2/5); sleeping 1s
[2026-07-21T08:26:40.296+0000] {subprocess.py:93} INFO - Fetched chart for rain
[2026-07-21T08:26:40.297+0000] {subprocess.py:93} INFO - Fetched chart for zcash
[2026-07-21T08:26:40.298+0000] {subprocess.py:93} INFO - Fetched chart for stellar
[2026-07-21T08:26:40.299+0000] {subprocess.py:93} INFO - Error fetching market_chart for canton-network: HTTPSConnectionPool(host='api.coingecko.com', port=443): Read timed out.
[2026-07-21T08:26:40.299+0000] {subprocess.py:93} INFO - Fetched chart for cardano
[2026-07-21T08:26:40.300+0000] {subprocess.py:93} INFO - Fetched chart for monero
[2026-07-21T08:26:40.301+0000] {subprocess.py:93} INFO - Fetched chart for chainlink
[2026-07-21T08:26:40.302+0000] {subprocess.py:93} INFO - Error fetching market_chart for whitebit-coin: 404 Client Error: Not Found for url: https://api.coingecko.com/api/v3/coins/whitebit-coin/market_chart?vs_currency=usd&days=90
[2026-07-21T08:26:40.304+0000] {subprocess.py:93} INFO - Fetched chart for the-open-network
[2026-07-21T08:26:40.305+0000] {subprocess.py:93} INFO - Rate limited on usd1-wlfi (attempt 1/5); sleeping 60s
[2026-07-21T08:26:40.305+0000] {subprocess.py:93} INFO - Rate limited on usd1-wlfi (attempt 2/5); sleeping 1s
[2026-07-21T08:26:40.306+0000] {subprocess.py:93} INFO - Fetched chart for usd1-wlfi
[2026-07-21T08:26:40.307+0000] {subprocess.py:93} INFO - Error fetching market_chart for ethena-usd: 404 Client Error: Not Found for url: https://api.coingecko.com/api/v3/coins/ethena-usd/market_chart?vs_currency=usd&days=90
[2026-07-21T08:26:40.308+0000] {subprocess.py:93} INFO - Fetched chart for dai
[2026-07-21T08:26:40.309+0000] {subprocess.py:93} INFO - Fetched chart for bitcoin-cash
[2026-07-21T08:26:40.309+0000] {subprocess.py:93} INFO - Fetched chart for memecore
[2026-07-21T08:26:40.310+0000] {subprocess.py:93} INFO - Fetched chart for hedera-hashgraph
[2026-07-21T08:26:40.311+0000] {subprocess.py:93} INFO - Rate limited on labra-finance (attempt 1/5); sleeping 60s
[2026-07-21T08:26:40.312+0000] {subprocess.py:93} INFO - Rate limited on labra-finance (attempt 2/5); sleeping 1s
[2026-07-21T08:26:40.312+0000] {subprocess.py:93} INFO - Error fetching market_chart for labra-finance: 404 Client Error: Not Found for url: https://api.coingecko.com/api/v3/coins/labra-finance/market_chart?vs_currency=usd&days=90
[2026-07-21T08:26:40.314+0000] {subprocess.py:93} INFO - Fetched chart for litecoin
[2026-07-21T08:26:40.315+0000] {subprocess.py:93} INFO - Fetched chart for sui
[2026-07-21T08:26:40.316+0000] {subprocess.py:93} INFO - Rate limited on hashnote-usd (attempt 1/5); sleeping 60s
[2026-07-21T08:26:40.317+0000] {subprocess.py:93} INFO - Rate limited on hashnote-usd (attempt 2/5); sleeping 1s
[2026-07-21T08:26:40.318+0000] {subprocess.py:93} INFO - Error fetching market_chart for hashnote-usd: 404 Client Error: Not Found for url: https://api.coingecko.com/api/v3/coins/hashnote-usd/market_chart?vs_currency=usd&days=90
[2026-07-21T08:26:40.318+0000] {subprocess.py:93} INFO - Fetched chart for avalanche-2
[2026-07-21T08:26:40.319+0000] {subprocess.py:93} INFO - Error fetching market_chart for near-protocol: 404 Client Error: Not Found for url: https://api.coingecko.com/api/v3/coins/near-protocol/market_chart?vs_currency=usd&days=90
[2026-07-21T08:26:40.320+0000] {subprocess.py:93} INFO - Fetched chart for paypal-usd
[2026-07-21T08:26:40.321+0000] {subprocess.py:93} INFO - Fetched chart for shiba-inu
[2026-07-21T08:26:40.322+0000] {subprocess.py:93} INFO - Rate limited on crypto-com-chain (attempt 1/5); sleeping 60s
[2026-07-21T08:26:40.322+0000] {subprocess.py:93} INFO - Rate limited on crypto-com-chain (attempt 2/5); sleeping 1s
[2026-07-21T08:26:40.323+0000] {subprocess.py:93} INFO - Fetched chart for crypto-com-chain
[2026-07-21T08:26:40.323+0000] {subprocess.py:93} INFO - Fetched chart for tether-gold
[2026-07-21T08:26:40.324+0000] {subprocess.py:93} INFO - Error fetching market_chart for global-dollar-stablecoin-gds: 404 Client Error: Not Found for url: https://api.coingecko.com/api/v3/coins/global-dollar-stablecoin-gds/market_chart?vs_currency=usd&days=90
[2026-07-21T08:26:40.324+0000] {subprocess.py:93} INFO - Fetched chart for blackrock-usd-institutional-digital-liquidity-fund
[2026-07-21T08:26:40.325+0000] {subprocess.py:93} INFO - Fetched chart for ondo-us-dollar-yield
[2026-07-21T08:26:40.326+0000] {subprocess.py:93} INFO - Fetched chart for bittensor
[2026-07-21T08:26:40.326+0000] {subprocess.py:93} INFO - Rate limited on pax-gold (attempt 1/5); sleeping 60s
[2026-07-21T08:26:40.327+0000] {subprocess.py:93} INFO - Rate limited on pax-gold (attempt 2/5); sleeping 1s
[2026-07-21T08:26:40.328+0000] {subprocess.py:93} INFO - Fetched chart for pax-gold
[2026-07-21T08:26:40.329+0000] {subprocess.py:93} INFO - Fetched chart for ondo-finance
[2026-07-21T08:26:40.330+0000] {subprocess.py:93} INFO - Fetched chart for mantle
[2026-07-21T08:26:40.331+0000] {subprocess.py:93} INFO - Fetched chart for world-liberty-financial
[2026-07-21T08:26:40.331+0000] {subprocess.py:93} INFO - Error fetching market_chart for worldcoin: 404 Client Error: Not Found for url: https://api.coingecko.com/api/v3/coins/worldcoin/market_chart?vs_currency=usd&days=90
[2026-07-21T08:26:40.332+0000] {subprocess.py:93} INFO - Rate limited on ripple-usd (attempt 1/5); sleeping 60s
[2026-07-21T08:26:40.333+0000] {subprocess.py:93} INFO - Rate limited on ripple-usd (attempt 2/5); sleeping 1s
[2026-07-21T08:26:40.334+0000] {subprocess.py:93} INFO - Fetched chart for ripple-usd
[2026-07-21T08:26:40.334+0000] {subprocess.py:93} INFO - Fetched chart for polkadot
[2026-07-21T08:26:40.335+0000] {subprocess.py:93} INFO - Fetched chart for aster-2
[2026-07-21T08:26:40.337+0000] {subprocess.py:93} INFO - Rate limited on htx-dao (attempt 1/5); sleeping 60s
[2026-07-21T08:26:40.338+0000] {subprocess.py:93} INFO - Fetched chart for htx-dao
[2026-07-21T08:26:40.339+0000] {subprocess.py:93} INFO - Fetched chart for uniswap
[2026-07-21T08:26:40.340+0000] {subprocess.py:93} INFO - Fetched chart for okb
[2026-07-21T08:26:40.340+0000] {subprocess.py:93} INFO - Error fetching market_chart for falcon-financial: 404 Client Error: Not Found for url: https://api.coingecko.com/api/v3/coins/falcon-financial/market_chart?vs_currency=usd&days=90
[2026-07-21T08:26:40.341+0000] {subprocess.py:93} INFO - Fetched chart for pi-network
[2026-07-21T08:26:40.342+0000] {subprocess.py:93} INFO - Rate limited on usdd (attempt 1/5); sleeping 60s
[2026-07-21T08:26:40.342+0000] {subprocess.py:93} INFO - Fetched chart for usdd
[2026-07-21T08:26:40.343+0000] {subprocess.py:93} INFO - Fetched chart for sky
[2026-07-21T08:26:40.344+0000] {subprocess.py:93} INFO - Fetched chart for bfusd
[2026-07-21T08:26:40.345+0000] {subprocess.py:93} INFO - Fetched chart for internet-computer
[2026-07-21T08:26:40.346+0000] {subprocess.py:93} INFO - Fetched chart for bitget-token
[2026-07-21T08:26:40.346+0000] {subprocess.py:93} INFO - Fetched chart for audiera
[2026-07-21T08:26:40.347+0000] {subprocess.py:93} INFO - Rate limited on pepe (attempt 1/5); sleeping 60s
[2026-07-21T08:26:40.348+0000] {subprocess.py:93} INFO - Rate limited on pepe (attempt 2/5); sleeping 1s
[2026-07-21T08:26:40.349+0000] {subprocess.py:93} INFO - Fetched chart for pepe
[2026-07-21T08:26:40.350+0000] {subprocess.py:93} INFO - Fetched chart for morpho
[2026-07-21T08:26:40.351+0000] {subprocess.py:93} INFO - Fetched chart for ethereum-classic
[2026-07-21T08:26:40.353+0000] {subprocess.py:93} INFO - Rate limited on dexe (attempt 1/5); sleeping 60s
[2026-07-21T08:26:40.355+0000] {subprocess.py:93} INFO - Rate limited on dexe (attempt 2/5); sleeping 1s
[2026-07-21T08:26:40.356+0000] {subprocess.py:93} INFO - Fetched chart for dexe
[2026-07-21T08:26:40.356+0000] {subprocess.py:93} INFO - Fetched chart for usdtb
[2026-07-21T08:26:40.357+0000] {subprocess.py:93} INFO - Fetched chart for eutbl
[2026-07-21T08:26:40.357+0000] {subprocess.py:93} INFO - Error fetching market_chart for united-states-dollar: 404 Client Error: Not Found for url: https://api.coingecko.com/api/v3/coins/united-states-dollar/market_chart?vs_currency=usd&days=90
[2026-07-21T08:26:40.358+0000] {subprocess.py:93} INFO - Fetched chart for quant-network
[2026-07-21T08:26:40.359+0000] {subprocess.py:93} INFO - Rate limited on blockchain-capital (attempt 1/5); sleeping 60s
[2026-07-21T08:26:40.359+0000] {subprocess.py:93} INFO - Rate limited on blockchain-capital (attempt 2/5); sleeping 1s
[2026-07-21T08:26:40.360+0000] {subprocess.py:93} INFO - Fetched chart for blockchain-capital
[2026-07-21T08:26:40.361+0000] {subprocess.py:93} INFO - Fetched chart for aave
[2026-07-21T08:26:40.361+0000] {subprocess.py:93} INFO - Error fetching market_chart for superstate: 404 Client Error: Not Found for url: https://api.coingecko.com/api/v3/coins/superstate/market_chart?vs_currency=usd&days=90
[2026-07-21T08:26:40.362+0000] {subprocess.py:93} INFO - Fetched chart for cosmos
[2026-07-21T08:26:40.363+0000] {subprocess.py:93} INFO - Fetched chart for siren-2
[2026-07-21T08:26:40.364+0000] {subprocess.py:93} INFO - Fetched chart for kaspa
[2026-07-21T08:26:40.364+0000] {subprocess.py:93} INFO - Rate limited on janus-henderson-anemoy-treasury-fund (attempt 1/5); sleeping 60s
[2026-07-21T08:26:40.365+0000] {subprocess.py:93} INFO - Rate limited on janus-henderson-anemoy-treasury-fund (attempt 2/5); sleeping 1s
[2026-07-21T08:26:40.366+0000] {subprocess.py:93} INFO - Fetched chart for janus-henderson-anemoy-treasury-fund
[2026-07-21T08:26:40.366+0000] {subprocess.py:93} INFO - Fetched chart for kucoin-shares
[2026-07-21T08:26:40.367+0000] {subprocess.py:93} INFO - Fetched chart for render-token
[2026-07-21T08:26:40.367+0000] {subprocess.py:93} INFO - Fetched chart for algorand
[2026-07-21T08:26:40.368+0000] {subprocess.py:93} INFO - Rate limited on polygon-ecosystem (attempt 1/5); sleeping 60s
[2026-07-21T08:26:40.369+0000] {subprocess.py:93} INFO - Rate limited on polygon-ecosystem (attempt 2/5); sleeping 1s
[2026-07-21T08:26:40.371+0000] {subprocess.py:93} INFO - Error fetching market_chart for polygon-ecosystem: 404 Client Error: Not Found for url: https://api.coingecko.com/api/v3/coins/polygon-ecosystem/market_chart?vs_currency=usd&days=90
[2026-07-21T08:26:40.371+0000] {subprocess.py:93} INFO - Fetched chart for nexo
[2026-07-21T08:26:40.372+0000] {subprocess.py:93} INFO - Fetched chart for ethena
[2026-07-21T08:26:40.373+0000] {subprocess.py:93} INFO - Fetched chart for stable-2
[2026-07-21T08:26:40.374+0000] {subprocess.py:93} INFO - Fetched chart for venice-token
[2026-07-21T08:26:40.375+0000] {subprocess.py:93} INFO - Rate limited on just (attempt 1/5); sleeping 60s
[2026-07-21T08:26:40.376+0000] {subprocess.py:93} INFO - Fetched chart for just
[2026-07-21T08:26:40.377+0000] {subprocess.py:93} INFO - Fetched chart for bianrensheng
[2026-07-21T08:26:40.378+0000] {subprocess.py:93} INFO - Fetched chart for gatechain-token
[2026-07-21T08:26:40.378+0000] {subprocess.py:93} INFO - Error fetching market_chart for xdce-crowd: 404 Client Error: Not Found for url: https://api.coingecko.com/api/v3/coins/xdce-crowd/market_chart?vs_currency=usd&days=90
[2026-07-21T08:26:40.379+0000] {subprocess.py:93} INFO - Fetched chart for beldex
[2026-07-21T08:26:40.380+0000] {subprocess.py:93} INFO - Rate limited on flare-network (attempt 1/5); sleeping 60s
[2026-07-21T08:26:40.380+0000] {subprocess.py:93} INFO - Rate limited on flare-network (attempt 2/5); sleeping 1s
[2026-07-21T08:26:40.381+0000] {subprocess.py:93} INFO - Error fetching market_chart for flare-network: 404 Client Error: Not Found for url: https://api.coingecko.com/api/v3/coins/flare-network/market_chart?vs_currency=usd&days=90
[2026-07-21T08:26:40.381+0000] {subprocess.py:93} INFO - Fetched chart for filecoin
[2026-07-21T08:26:40.382+0000] {subprocess.py:93} INFO - Fetched chart for gho
[2026-07-21T08:26:40.383+0000] {subprocess.py:93} INFO - Rate limited on injective-protocol (attempt 1/5); sleeping 60s
[2026-07-21T08:26:40.383+0000] {subprocess.py:93} INFO - Rate limited on injective-protocol (attempt 2/5); sleeping 1s
[2026-07-21T08:26:40.384+0000] {subprocess.py:93} INFO - Fetched chart for injective-protocol
[2026-07-21T08:26:40.385+0000] {subprocess.py:93} INFO - Fetched chart for usual-usd
[2026-07-21T08:26:40.385+0000] {subprocess.py:93} INFO - Fetched chart for aptos
[2026-07-21T08:28:02.686+0000] {subprocess.py:93} INFO - Fetched chart for pump-fun
[2026-07-21T08:28:02.687+0000] {subprocess.py:93} INFO - Fetched chart for ylds
[2026-07-21T08:28:02.688+0000] {subprocess.py:93} INFO - Rate limited on hash-2 (attempt 1/5); sleeping 60s
[2026-07-21T08:28:02.689+0000] {subprocess.py:93} INFO - Fetched chart for hash-2
[2026-07-21T08:28:02.690+0000] {subprocess.py:93} INFO - Fetched chart for midnight-3
[2026-07-21T08:28:02.691+0000] {subprocess.py:93} INFO - Error fetching market_chart for jupiter-exchange: 404 Client Error: Not Found for url: https://api.coingecko.com/api/v3/coins/jupiter-exchange/market_chart?vs_currency=usd&days=90
[2026-07-21T08:28:02.692+0000] {subprocess.py:93} INFO - Warning: no payload for 15 coin(s): ['canton-network', 'ethena-usd', 'falcon-financial', 'flare-network', 'global-dollar-stablecoin-gds', 'hashnote-usd', 'jupiter-exchange', 'labra-finance', 'near-protocol', 'polygon-ecosystem', 'superstate', 'united-states-dollar', 'whitebit-coin', 'worldcoin', 'xdce-crowd']
[2026-07-21T08:28:02.693+0000] {subprocess.py:93} INFO - Upserted 85 row(s) into raw.coin_price_history.
[2026-07-21T08:28:02.694+0000] {subprocess.py:93} INFO - Total rows in raw.coin_price_history: 86
[2026-07-21T08:28:02.696+0000] {subprocess.py:93} INFO - Coin history ingestion completed.
[2026-07-21T08:28:02.768+0000] {subprocess.py:97} INFO - Command exited with return code 0
[2026-07-21T08:28:02.849+0000] {taskinstance.py:441} INFO - ::group::Post task execution logs
[2026-07-21T08:28:03.028+0000] {taskinstance.py:1206} INFO - Marking task as SUCCESS. dag_id=coinflow_daily_pipeline, task_id=extract_coin_history_data, run_id=manual__2026-07-21T07:09:19.074283+00:00, execution_date=20260721T070919, start_date=20260721T080056, end_date=20260721T082803
[2026-07-21T08:28:03.139+0000] {local_task_job_runner.py:243} INFO - Task exited with return code 0
[2026-07-21T08:28:03.192+0000] {taskinstance.py:3503} INFO - 1 downstream tasks scheduled from follow-on schedule check
[2026-07-21T08:28:03.285+0000] {local_task_job_runner.py:222} INFO - ::endgroup::
